

================================================================
== Vitis HLS Report for 'admm'
================================================================
* Date:           Mon Jul  6 11:36:11 2026

* Version:        2024.2 (Build 5238294 on Nov  8 2024)
* Project:        admm_HW_HLS
* Solution:       solution1 (Vivado IP Flow Target)
* Product family: zynquplus
* Target device:  xczu7ev-ffvc1156-2-e


================================================================
== Performance Estimates
================================================================
+ Timing: 
    * Summary: 
    +--------+---------+----------+------------+
    |  Clock |  Target | Estimated| Uncertainty|
    +--------+---------+----------+------------+
    |ap_clk  |  5.00 ns|  7.695 ns|     1.00 ns|
    +--------+---------+----------+------------+

+ Latency: 
    * Summary: 
    +---------+---------+----------+----------+-----+-----+---------+
    |  Latency (cycles) |  Latency (absolute) |  Interval | Pipeline|
    |   min   |   max   |    min   |    max   | min | max |   Type  |
    +---------+---------+----------+----------+-----+-----+---------+
    |        ?|        ?|         ?|         ?|    ?|    ?|       no|
    +---------+---------+----------+----------+-----+-----+---------+

    + Detail: 
        * Instance: 
        +---------------------------------------------+---------------------------------+---------+------------+-----------+------------+-----+------------+------------------------------------------------+
        |                                             |                                 |   Latency (cycles)   |   Latency (absolute)   |     Interval     |                    Pipeline                    |
        |                   Instance                  |              Module             |   min   |     max    |    min    |     max    | min |     max    |                      Type                      |
        +---------------------------------------------+---------------------------------+---------+------------+-----------+------------+-----+------------+------------------------------------------------+
        |grp_admm_Pipeline_VITIS_LOOP_419_1_fu_1062   |admm_Pipeline_VITIS_LOOP_419_1   |        4|           ?|  20.000 ns|           ?|    2|           0|  loop auto-rewind stp (delay=0 clock cycles(s))|
        |grp_admm_Pipeline_VITIS_LOOP_8_1_fu_1076     |admm_Pipeline_VITIS_LOOP_8_1     |       11|   536870922|  55.000 ns|   2.684 sec|    2|   536870913|  loop auto-rewind stp (delay=0 clock cycles(s))|
        |grp_admm_Pipeline_VITIS_LOOP_432_2_fu_1086   |admm_Pipeline_VITIS_LOOP_432_2   |        ?|           ?|          ?|           ?|    0|           0|  loop auto-rewind stp (delay=0 clock cycles(s))|
        |grp_update_preconditioner_fu_1102            |update_preconditioner            |        ?|           ?|          ?|           ?|    ?|           ?|                                              no|
        |grp_fmax_fu_1120                             |fmax                             |        0|           0|       0 ns|        0 ns|    1|           1|                                             yes|
        |max_dual_fmax_fu_1129                        |fmax                             |        0|           0|       0 ns|        0 ns|    1|           1|                                             yes|
        |grp_apply_new_rho_fu_1135                    |apply_new_rho                    |      148|  4294967436|   0.740 us|  21.475 sec|  148|  4294967436|                                              no|
        |grp_admm_Pipeline_VITIS_LOOP_144_1_fu_1145   |admm_Pipeline_VITIS_LOOP_144_1   |        ?|           ?|          ?|           ?|    0|           0|  loop auto-rewind stp (delay=0 clock cycles(s))|
        |grp_spmv_csc_tiled_fu_1154                   |spmv_csc_tiled                   |        ?|           ?|          ?|           ?|    ?|           ?|                                              no|
        |grp_admm_Pipeline_VITIS_LOOP_151_2_fu_1272   |admm_Pipeline_VITIS_LOOP_151_2   |       24|           ?|   0.120 us|           ?|    2|           0|  loop auto-rewind stp (delay=0 clock cycles(s))|
        |grp_admm_Pipeline_VITIS_LOOP_8_11_fu_1285    |admm_Pipeline_VITIS_LOOP_8_11    |       11|   536870922|  55.000 ns|   2.684 sec|    2|   536870913|  loop auto-rewind stp (delay=0 clock cycles(s))|
        |grp_admm_Pipeline_VITIS_LOOP_95_1_fu_1293    |admm_Pipeline_VITIS_LOOP_95_1    |       38|   536870949|   0.190 us|   2.684 sec|    2|   536870913|  loop auto-rewind stp (delay=0 clock cycles(s))|
        |grp_admm_Pipeline_VITIS_LOOP_116_3_fu_1301   |admm_Pipeline_VITIS_LOOP_116_3   |      120|   536871031|   0.600 us|   2.684 sec|    2|   536870913|  loop auto-rewind stp (delay=0 clock cycles(s))|
        |grp_admm_Pipeline_VITIS_LOOP_131_5_fu_1311   |admm_Pipeline_VITIS_LOOP_131_5   |        ?|           ?|          ?|           ?|    0|           0|  loop auto-rewind stp (delay=0 clock cycles(s))|
        |grp_dot_prod_fu_1321                         |dot_prod                         |        ?|           ?|          ?|           ?|    ?|           ?|                                              no|
        |grp_admm_Pipeline_VITIS_LOOP_7_1_fu_1328     |admm_Pipeline_VITIS_LOOP_7_1     |       11|   536870922|  55.000 ns|   2.684 sec|    2|   536870913|  loop auto-rewind stp (delay=0 clock cycles(s))|
        |grp_admm_Pipeline_VITIS_LOOP_160_7_fu_1336   |admm_Pipeline_VITIS_LOOP_160_7   |       38|   536870949|   0.190 us|   2.684 sec|    2|   536870913|  loop auto-rewind stp (delay=0 clock cycles(s))|
        |grp_admm_Pipeline_VITIS_LOOP_181_9_fu_1344   |admm_Pipeline_VITIS_LOOP_181_9   |      120|   536871031|   0.600 us|   2.684 sec|    2|   536870913|  loop auto-rewind stp (delay=0 clock cycles(s))|
        |grp_admm_Pipeline_VITIS_LOOP_204_11_fu_1354  |admm_Pipeline_VITIS_LOOP_204_11  |      105|  4294967393|   0.525 us|  21.475 sec|   16|  4294967304|  loop auto-rewind stp (delay=0 clock cycles(s))|
        |grp_admm_Pipeline_VITIS_LOOP_234_13_fu_1367  |admm_Pipeline_VITIS_LOOP_234_13  |       88|   536870999|   0.440 us|   2.684 sec|    2|   536870913|  loop auto-rewind stp (delay=0 clock cycles(s))|
        |grp_admm_Pipeline_VITIS_LOOP_7_12_fu_1376    |admm_Pipeline_VITIS_LOOP_7_12    |       11|   536870922|  55.000 ns|   2.684 sec|    2|   536870913|  loop auto-rewind stp (delay=0 clock cycles(s))|
        |grp_admm_Pipeline_VITIS_LOOP_483_4_fu_1384   |admm_Pipeline_VITIS_LOOP_483_4   |        ?|           ?|          ?|           ?|    0|           0|  loop auto-rewind stp (delay=0 clock cycles(s))|
        |grp_admm_Pipeline_VITIS_LOOP_489_5_fu_1393   |admm_Pipeline_VITIS_LOOP_489_5   |       30|           ?|   0.231 us|           ?|   29|           0|  loop auto-rewind stp (delay=0 clock cycles(s))|
        |grp_admm_Pipeline_VITIS_LOOP_8_13_fu_1408    |admm_Pipeline_VITIS_LOOP_8_13    |       11|   536870922|  55.000 ns|   2.684 sec|    2|   536870913|  loop auto-rewind stp (delay=0 clock cycles(s))|
        |grp_admm_Pipeline_VITIS_LOOP_8_14_fu_1416    |admm_Pipeline_VITIS_LOOP_8_14    |       11|   536870922|  55.000 ns|   2.684 sec|    2|   536870913|  loop auto-rewind stp (delay=0 clock cycles(s))|
        |grp_admm_Pipeline_VITIS_LOOP_506_6_fu_1424   |admm_Pipeline_VITIS_LOOP_506_6   |       60|   536870971|   0.300 us|   2.684 sec|    2|   536870913|  loop auto-rewind stp (delay=0 clock cycles(s))|
        |grp_admm_Pipeline_VITIS_LOOP_8_15_fu_1432    |admm_Pipeline_VITIS_LOOP_8_15    |       11|   536870922|  55.000 ns|   2.684 sec|    2|   536870913|  loop auto-rewind stp (delay=0 clock cycles(s))|
        |grp_admm_Pipeline_VITIS_LOOP_8_16_fu_1440    |admm_Pipeline_VITIS_LOOP_8_16    |       11|   536870922|  55.000 ns|   2.684 sec|    2|   536870913|  loop auto-rewind stp (delay=0 clock cycles(s))|
        |grp_admm_Pipeline_VITIS_LOOP_8_17_fu_1448    |admm_Pipeline_VITIS_LOOP_8_17    |       11|   536870922|  55.000 ns|   2.684 sec|    2|   536870913|  loop auto-rewind stp (delay=0 clock cycles(s))|
        |grp_admm_Pipeline_VITIS_LOOP_526_8_fu_1456   |admm_Pipeline_VITIS_LOOP_526_8   |      144|  4294967432|   0.720 us|  21.475 sec|   16|  4294967304|  loop auto-rewind stp (delay=0 clock cycles(s))|
        |grp_admm_Pipeline_VITIS_LOOP_8_18_fu_1468    |admm_Pipeline_VITIS_LOOP_8_18    |       11|   536870922|  55.000 ns|   2.684 sec|    2|   536870913|  loop auto-rewind stp (delay=0 clock cycles(s))|
        |grp_admm_Pipeline_VITIS_LOOP_567_10_fu_1476  |admm_Pipeline_VITIS_LOOP_567_10  |        ?|           ?|          ?|           ?|    0|           0|  loop auto-rewind stp (delay=0 clock cycles(s))|
        |grp_admm_Pipeline_VITIS_LOOP_573_11_fu_1485  |admm_Pipeline_VITIS_LOOP_573_11  |        ?|           ?|          ?|           ?|    0|           0|  loop auto-rewind stp (delay=0 clock cycles(s))|
        +---------------------------------------------+---------------------------------+---------+------------+-----------+------------+-----+------------+------------------------------------------------+

        * Loop: 
        +---------------------+---------+---------+----------+-----------+-----------+------+----------+
        |                     |  Latency (cycles) | Iteration|  Initiation Interval  | Trip |          |
        |      Loop Name      |   min   |   max   |  Latency |  achieved |   target  | Count| Pipelined|
        +---------------------+---------+---------+----------+-----------+-----------+------+----------+
        |- VITIS_LOOP_450_3   |        ?|        ?|         ?|          -|          -|     ?|        no|
        | + VITIS_LOOP_154_6  |        ?|        ?|         ?|          -|          -|     ?|        no|
        +---------------------+---------+---------+----------+-----------+-----------+------+----------+



================================================================
== Utilization Estimates
================================================================
* Summary: 
+-----------------+---------+------+--------+--------+-----+
|       Name      | BRAM_18K|  DSP |   FF   |   LUT  | URAM|
+-----------------+---------+------+--------+--------+-----+
|DSP              |        -|     -|       -|       -|    -|
|Expression       |        -|     -|       0|    1885|    -|
|FIFO             |        -|     -|       -|       -|    -|
|Instance         |      510|   112|  111961|  115746|    0|
|Memory           |        -|     -|       0|       0|   72|
|Multiplexer      |        -|     -|       0|    7934|    -|
|Register         |        -|     -|    4524|       -|    -|
+-----------------+---------+------+--------+--------+-----+
|Total            |      510|   112|  116485|  125565|   72|
+-----------------+---------+------+--------+--------+-----+
|Available        |      624|  1728|  460800|  230400|   96|
+-----------------+---------+------+--------+--------+-----+
|Utilization (%)  |       81|     6|      25|      54|   75|
+-----------------+---------+------+--------+--------+-----+

+ Detail: 
    * Instance: 
    +---------------------------------------------+------------------------------------+---------+----+-------+-------+-----+
    |                   Instance                  |               Module               | BRAM_18K| DSP|   FF  |  LUT  | URAM|
    +---------------------------------------------+------------------------------------+---------+----+-------+-------+-----+
    |grp_admm_Pipeline_VITIS_LOOP_116_3_fu_1301   |admm_Pipeline_VITIS_LOOP_116_3      |        0|   0|   5420|   5055|    0|
    |grp_admm_Pipeline_VITIS_LOOP_131_5_fu_1311   |admm_Pipeline_VITIS_LOOP_131_5      |        0|   0|    135|   1075|    0|
    |grp_admm_Pipeline_VITIS_LOOP_144_1_fu_1145   |admm_Pipeline_VITIS_LOOP_144_1      |        0|   0|    430|    808|    0|
    |grp_admm_Pipeline_VITIS_LOOP_151_2_fu_1272   |admm_Pipeline_VITIS_LOOP_151_2      |        0|   0|    621|    823|    0|
    |grp_admm_Pipeline_VITIS_LOOP_160_7_fu_1336   |admm_Pipeline_VITIS_LOOP_160_7      |        0|   0|   4252|   4831|    0|
    |grp_admm_Pipeline_VITIS_LOOP_181_9_fu_1344   |admm_Pipeline_VITIS_LOOP_181_9      |        0|   0|   5420|   5055|    0|
    |grp_admm_Pipeline_VITIS_LOOP_204_11_fu_1354  |admm_Pipeline_VITIS_LOOP_204_11     |        0|   0|   6265|   3160|    0|
    |grp_admm_Pipeline_VITIS_LOOP_234_13_fu_1367  |admm_Pipeline_VITIS_LOOP_234_13     |        0|   0|   4460|   4863|    0|
    |grp_admm_Pipeline_VITIS_LOOP_419_1_fu_1062   |admm_Pipeline_VITIS_LOOP_419_1      |        0|   0|     99|    527|    0|
    |grp_admm_Pipeline_VITIS_LOOP_432_2_fu_1086   |admm_Pipeline_VITIS_LOOP_432_2      |        0|   0|    746|   1536|    0|
    |grp_admm_Pipeline_VITIS_LOOP_483_4_fu_1384   |admm_Pipeline_VITIS_LOOP_483_4      |        0|   0|     59|    701|    0|
    |grp_admm_Pipeline_VITIS_LOOP_489_5_fu_1393   |admm_Pipeline_VITIS_LOOP_489_5      |        0|   0|    469|   1911|    0|
    |grp_admm_Pipeline_VITIS_LOOP_506_6_fu_1424   |admm_Pipeline_VITIS_LOOP_506_6      |        0|   0|   4072|   4831|    0|
    |grp_admm_Pipeline_VITIS_LOOP_526_8_fu_1456   |admm_Pipeline_VITIS_LOOP_526_8      |        0|   0|   2960|   1854|    0|
    |grp_admm_Pipeline_VITIS_LOOP_567_10_fu_1476  |admm_Pipeline_VITIS_LOOP_567_10     |        0|   0|     71|    194|    0|
    |grp_admm_Pipeline_VITIS_LOOP_573_11_fu_1485  |admm_Pipeline_VITIS_LOOP_573_11     |        0|   0|     71|    194|    0|
    |grp_admm_Pipeline_VITIS_LOOP_7_1_fu_1328     |admm_Pipeline_VITIS_LOOP_7_1        |        0|   0|   2547|   1204|    0|
    |grp_admm_Pipeline_VITIS_LOOP_7_12_fu_1376    |admm_Pipeline_VITIS_LOOP_7_12       |        0|   0|   2547|   1204|    0|
    |grp_admm_Pipeline_VITIS_LOOP_8_1_fu_1076     |admm_Pipeline_VITIS_LOOP_8_1        |        0|   0|   2208|   1132|    0|
    |grp_admm_Pipeline_VITIS_LOOP_8_11_fu_1285    |admm_Pipeline_VITIS_LOOP_8_11       |        0|   0|   2547|   1197|    0|
    |grp_admm_Pipeline_VITIS_LOOP_8_13_fu_1408    |admm_Pipeline_VITIS_LOOP_8_13       |        0|   0|   2547|   1197|    0|
    |grp_admm_Pipeline_VITIS_LOOP_8_14_fu_1416    |admm_Pipeline_VITIS_LOOP_8_14       |        0|   0|   2547|   1204|    0|
    |grp_admm_Pipeline_VITIS_LOOP_8_15_fu_1432    |admm_Pipeline_VITIS_LOOP_8_15       |        0|   0|   2547|   1204|    0|
    |grp_admm_Pipeline_VITIS_LOOP_8_16_fu_1440    |admm_Pipeline_VITIS_LOOP_8_16       |        0|   0|   2547|   1204|    0|
    |grp_admm_Pipeline_VITIS_LOOP_8_17_fu_1448    |admm_Pipeline_VITIS_LOOP_8_17       |        0|   0|   2547|   1204|    0|
    |grp_admm_Pipeline_VITIS_LOOP_8_18_fu_1468    |admm_Pipeline_VITIS_LOOP_8_18       |        0|   0|   2547|   1204|    0|
    |grp_admm_Pipeline_VITIS_LOOP_95_1_fu_1293    |admm_Pipeline_VITIS_LOOP_95_1       |        0|   0|   4252|   4831|    0|
    |grp_apply_new_rho_fu_1135                    |apply_new_rho                       |        0|   0|   9446|   7288|    0|
    |control_r_s_axi_U                            |control_r_s_axi                     |        0|   0|   1990|   3624|    0|
    |control_s_axi_U                              |control_s_axi                       |        0|   0|    841|   1386|    0|
    |grp_dot_prod_fu_1321                         |dot_prod                            |        0|  18|   2967|   3211|    0|
    |fadd_32ns_32ns_32_8_full_dsp_1_U919          |fadd_32ns_32ns_32_8_full_dsp_1      |        0|   2|    296|    239|    0|
    |fadd_32ns_32ns_32_8_full_dsp_1_U920          |fadd_32ns_32ns_32_8_full_dsp_1      |        0|   2|    296|    239|    0|
    |fadd_32ns_32ns_32_8_full_dsp_1_U921          |fadd_32ns_32ns_32_8_full_dsp_1      |        0|   2|    296|    239|    0|
    |fadd_32ns_32ns_32_8_full_dsp_1_U922          |fadd_32ns_32ns_32_8_full_dsp_1      |        0|   2|    296|    239|    0|
    |fadd_32ns_32ns_32_8_full_dsp_1_U923          |fadd_32ns_32ns_32_8_full_dsp_1      |        0|   2|    296|    239|    0|
    |fadd_32ns_32ns_32_8_full_dsp_1_U924          |fadd_32ns_32ns_32_8_full_dsp_1      |        0|   2|    296|    239|    0|
    |fadd_32ns_32ns_32_8_full_dsp_1_U925          |fadd_32ns_32ns_32_8_full_dsp_1      |        0|   2|    296|    239|    0|
    |fadd_32ns_32ns_32_8_full_dsp_1_U926          |fadd_32ns_32ns_32_8_full_dsp_1      |        0|   2|    296|    239|    0|
    |faddfsub_32ns_32ns_32_5_no_dsp_1_U927        |faddfsub_32ns_32ns_32_5_no_dsp_1    |        0|   0|    233|    406|    0|
    |faddfsub_32ns_32ns_32_8_full_dsp_1_U898      |faddfsub_32ns_32ns_32_8_full_dsp_1  |        0|   2|    296|    239|    0|
    |faddfsub_32ns_32ns_32_8_full_dsp_1_U899      |faddfsub_32ns_32ns_32_8_full_dsp_1  |        0|   2|    296|    239|    0|
    |faddfsub_32ns_32ns_32_8_full_dsp_1_U913      |faddfsub_32ns_32ns_32_8_full_dsp_1  |        0|   2|    296|    239|    0|
    |faddfsub_32ns_32ns_32_8_full_dsp_1_U914      |faddfsub_32ns_32ns_32_8_full_dsp_1  |        0|   2|    296|    239|    0|
    |faddfsub_32ns_32ns_32_8_full_dsp_1_U915      |faddfsub_32ns_32ns_32_8_full_dsp_1  |        0|   2|    296|    239|    0|
    |faddfsub_32ns_32ns_32_8_full_dsp_1_U916      |faddfsub_32ns_32ns_32_8_full_dsp_1  |        0|   2|    296|    239|    0|
    |faddfsub_32ns_32ns_32_8_full_dsp_1_U917      |faddfsub_32ns_32ns_32_8_full_dsp_1  |        0|   2|    296|    239|    0|
    |faddfsub_32ns_32ns_32_8_full_dsp_1_U918      |faddfsub_32ns_32ns_32_8_full_dsp_1  |        0|   2|    296|    239|    0|
    |fcmp_32ns_32ns_1_2_no_dsp_1_U903             |fcmp_32ns_32ns_1_2_no_dsp_1         |        0|   0|      0|      0|    0|
    |fcmp_32ns_32ns_1_2_no_dsp_1_U904             |fcmp_32ns_32ns_1_2_no_dsp_1         |        0|   0|      0|      0|    0|
    |fdiv_32ns_32ns_32_16_no_dsp_1_U902           |fdiv_32ns_32ns_32_16_no_dsp_1       |        0|   0|      0|      0|    0|
    |grp_fmax_fu_1120                             |fmax                                |        0|   0|      0|    285|    0|
    |max_dual_fmax_fu_1129                        |fmax                                |        0|   0|      0|    285|    0|
    |local_max_5_fmax_fu_3601                     |fmax                                |        0|   0|      0|    285|    0|
    |local_max_7_fmax_fu_3606                     |fmax                                |        0|   0|      0|    285|    0|
    |local_max_97_fmax_fu_3611                    |fmax                                |        0|   0|      0|    285|    0|
    |local_max_98_fmax_fu_3616                    |fmax                                |        0|   0|      0|    285|    0|
    |local_max_9_fmax_fu_3621                     |fmax                                |        0|   0|      0|    285|    0|
    |local_max_fmax_fu_3626                       |fmax                                |        0|   0|      0|    285|    0|
    |fmul_32ns_32ns_32_4_max_dsp_1_U900           |fmul_32ns_32ns_32_4_max_dsp_1       |        0|   3|    143|    139|    0|
    |fmul_32ns_32ns_32_4_max_dsp_1_U901           |fmul_32ns_32ns_32_4_max_dsp_1       |        0|   3|    143|    139|    0|
    |fmul_32ns_32ns_32_4_max_dsp_1_U906           |fmul_32ns_32ns_32_4_max_dsp_1       |        0|   3|    143|    139|    0|
    |fmul_32ns_32ns_32_4_max_dsp_1_U907           |fmul_32ns_32ns_32_4_max_dsp_1       |        0|   3|    143|    139|    0|
    |fmul_32ns_32ns_32_4_max_dsp_1_U908           |fmul_32ns_32ns_32_4_max_dsp_1       |        0|   3|    143|    139|    0|
    |fmul_32ns_32ns_32_4_max_dsp_1_U909           |fmul_32ns_32ns_32_4_max_dsp_1       |        0|   3|    143|    139|    0|
    |fmul_32ns_32ns_32_4_max_dsp_1_U910           |fmul_32ns_32ns_32_4_max_dsp_1       |        0|   3|    143|    139|    0|
    |fmul_32ns_32ns_32_4_max_dsp_1_U911           |fmul_32ns_32ns_32_4_max_dsp_1       |        0|   3|    143|    139|    0|
    |fmul_32ns_32ns_32_4_max_dsp_1_U912           |fmul_32ns_32ns_32_4_max_dsp_1       |        0|   3|    143|    139|    0|
    |fsqrt_32ns_32ns_32_16_no_dsp_1_U905          |fsqrt_32ns_32ns_32_16_no_dsp_1      |        0|   0|      0|      0|    0|
    |gmem0_m_axi_U                                |gmem0_m_axi                         |       29|   0|   1574|   1642|    0|
    |gmem1_m_axi_U                                |gmem1_m_axi                         |        2|   0|    671|    637|    0|
    |gmem2_m_axi_U                                |gmem2_m_axi                         |       29|   0|   1574|   1642|    0|
    |gmem3_m_axi_U                                |gmem3_m_axi                         |        4|   0|    824|    682|    0|
    |grp_spmv_csc_tiled_fu_1154                   |spmv_csc_tiled                      |      446|  30|  17250|  27621|    0|
    |grp_update_preconditioner_fu_1102            |update_preconditioner               |        0|   5|   3635|   6049|    0|
    +---------------------------------------------+------------------------------------+---------+----+-------+-------+-----+
    |Total                                        |                                    |      510| 112| 111961| 115746|    0|
    +---------------------------------------------+------------------------------------+---------+----+-------+-------+-----+

    * DSP: 
    N/A

    * Memory: 
    +-----------+-------------------------+---------+---+----+-----+-------+-----+------+-------------+
    |   Memory  |          Module         | BRAM_18K| FF| LUT| URAM| Words | Bits| Banks| W*Bits*Banks|
    +-----------+-------------------------+---------+---+----+-----+-------+-----+------+-------------+
    |M_inv_U    |M_inv_RAM_T2P_URAM_1R1W  |        0|  0|   0|    4|   4096|  256|     1|      1048576|
    |x_U        |M_inv_RAM_T2P_URAM_1R1W  |        0|  0|   0|    4|   4096|  256|     1|      1048576|
    |z_U        |M_inv_RAM_T2P_URAM_1R1W  |        0|  0|   0|    4|   4096|  256|     1|      1048576|
    |l_U        |l_RAM_T2P_URAM_1R1W      |        0|  0|   0|    8|  32768|   32|     1|      1048576|
    |u_U        |l_RAM_T2P_URAM_1R1W      |        0|  0|   0|    8|  32768|   32|     1|      1048576|
    |p_U        |p_RAM_T2P_URAM_1R1W      |        0|  0|   0|    4|   4096|  256|     1|      1048576|
    |b_U        |p_RAM_T2P_URAM_1R1W      |        0|  0|   0|    4|   4096|  256|     1|      1048576|
    |x_tilde_U  |p_RAM_T2P_URAM_1R1W      |        0|  0|   0|    4|   4096|  256|     1|      1048576|
    |tmp1_U     |p_RAM_T2P_URAM_1R1W      |        0|  0|   0|    4|   4096|  256|     1|      1048576|
    |q_U        |q_RAM_T2P_URAM_1R1W      |        0|  0|   0|    2|   8192|   32|     1|       262144|
    |q_1_U      |q_RAM_T2P_URAM_1R1W      |        0|  0|   0|    2|   8192|   32|     1|       262144|
    |q_2_U      |q_RAM_T2P_URAM_1R1W      |        0|  0|   0|    2|   8192|   32|     1|       262144|
    |q_3_U      |q_RAM_T2P_URAM_1R1W      |        0|  0|   0|    2|   8192|   32|     1|       262144|
    |r_U        |r_RAM_T2P_URAM_1R1W      |        0|  0|   0|    4|   4096|  256|     1|      1048576|
    |y_U        |r_RAM_T2P_URAM_1R1W      |        0|  0|   0|    4|   4096|  256|     1|      1048576|
    |rho_U      |r_RAM_T2P_URAM_1R1W      |        0|  0|   0|    4|   4096|  256|     1|      1048576|
    |tmp2_U     |r_RAM_T2P_URAM_1R1W      |        0|  0|   0|    4|   4096|  256|     1|      1048576|
    |rho_inv_U  |r_RAM_T2P_URAM_1R1W      |        0|  0|   0|    4|   4096|  256|     1|      1048576|
    +-----------+-------------------------+---------+---+----+-----+-------+-----+------+-------------+
    |Total      |                         |        0|  0|   0|   72| 147456| 3264|    18|     15728640|
    +-----------+-------------------------+---------+---+----+-----+-------+-----+------+-------------+

    * FIFO: 
    N/A

    * Expression: 
    +--------------------------------------+----------+----+---+----+------------+------------+
    |             Variable Name            | Operation| DSP| FF| LUT| Bitwidth P0| Bitwidth P1|
    +--------------------------------------+----------+----+---+----+------------+------------+
    |add_ln108_fu_2027_p2                  |         +|   0|  0|  39|          32|           1|
    |add_ln406_1_fu_2647_p2                |         +|   0|  0|  38|          31|           1|
    |add_ln406_fu_2627_p2                  |         +|   0|  0|  38|          31|           1|
    |iter_count_fu_2328_p2                 |         +|   0|  0|  38|          31|           1|
    |num_iterations_fu_1772_p2             |         +|   0|  0|  38|          31|           1|
    |total_pcg_iterations_1_fu_2422_p2     |         +|   0|  0|  39|          32|          32|
    |and_ln129_fu_2120_p2                  |       and|   0|  0|   2|           1|           1|
    |and_ln132_1_fu_2208_p2                |       and|   0|  0|   2|           1|           1|
    |and_ln132_2_fu_2214_p2                |       and|   0|  0|   2|           1|           1|
    |and_ln132_fu_2220_p2                  |       and|   0|  0|   2|           1|           1|
    |and_ln154_1_fu_2312_p2                |       and|   0|  0|   2|           1|           1|
    |and_ln154_2_fu_2317_p2                |       and|   0|  0|   2|           1|           1|
    |and_ln154_fu_2322_p2                  |       and|   0|  0|   2|           1|           1|
    |and_ln197_fu_2369_p2                  |       and|   0|  0|   2|           1|           1|
    |and_ln228_fu_2410_p2                  |       and|   0|  0|   2|           1|           1|
    |and_ln28_16_fu_1840_p2                |       and|   0|  0|   2|           1|           1|
    |and_ln28_fu_1834_p2                   |       and|   0|  0|   2|           1|           1|
    |and_ln453_1_fu_1766_p2                |       and|   0|  0|   2|           1|           1|
    |and_ln453_fu_1761_p2                  |       and|   0|  0|   2|           1|           1|
    |and_ln465_1_fu_1973_p2                |       and|   0|  0|   2|           1|           1|
    |and_ln465_2_fu_1983_p2                |       and|   0|  0|   2|           1|           1|
    |and_ln465_3_fu_1989_p2                |       and|   0|  0|   2|           1|           1|
    |and_ln465_fu_1967_p2                  |       and|   0|  0|   2|           1|           1|
    |and_ln542_fu_2456_p2                  |       and|   0|  0|   2|           1|           1|
    |and_ln549_1_fu_2558_p2                |       and|   0|  0|   2|           1|           1|
    |and_ln549_2_fu_2564_p2                |       and|   0|  0|   2|           1|           1|
    |and_ln549_3_fu_2609_p2                |       and|   0|  0|   2|           1|           1|
    |and_ln549_4_fu_2615_p2                |       and|   0|  0|   2|           1|           1|
    |and_ln549_fu_2621_p2                  |       and|   0|  0|   2|           1|           1|
    |ap_block_state92_on_subcall_done      |       and|   0|  0|   2|           1|           1|
    |ap_predicate_op702_call_state92       |       and|   0|  0|   2|           1|           1|
    |icmp_ln107_fu_2021_p2                 |      icmp|   0|  0|  38|          31|           1|
    |icmp_ln113_fu_2041_p2                 |      icmp|   0|  0|  39|          32|           3|
    |icmp_ln120_fu_2009_p2                 |      icmp|   0|  0|  38|          31|           1|
    |icmp_ln129_1_fu_2108_p2               |      icmp|   0|  0|  30|          23|           1|
    |icmp_ln129_fu_2102_p2                 |      icmp|   0|  0|  15|           8|           2|
    |icmp_ln132_1_fu_2178_p2               |      icmp|   0|  0|  30|          23|           1|
    |icmp_ln132_2_fu_2190_p2               |      icmp|   0|  0|  15|           8|           2|
    |icmp_ln132_3_fu_2196_p2               |      icmp|   0|  0|  30|          23|           1|
    |icmp_ln132_fu_2172_p2                 |      icmp|   0|  0|  15|           8|           2|
    |icmp_ln154_1_fu_2287_p2               |      icmp|   0|  0|  15|           8|           2|
    |icmp_ln154_2_fu_2293_p2               |      icmp|   0|  0|  30|          23|           1|
    |icmp_ln154_3_fu_2251_p2               |      icmp|   0|  0|  15|           8|           2|
    |icmp_ln154_4_fu_2257_p2               |      icmp|   0|  0|  30|          23|           1|
    |icmp_ln154_fu_2303_p2                 |      icmp|   0|  0|  39|          32|          32|
    |icmp_ln197_1_fu_2357_p2               |      icmp|   0|  0|  30|          23|           1|
    |icmp_ln197_fu_2351_p2                 |      icmp|   0|  0|  15|           8|           2|
    |icmp_ln228_1_fu_2398_p2               |      icmp|   0|  0|  30|          23|           1|
    |icmp_ln228_fu_2392_p2                 |      icmp|   0|  0|  15|           8|           2|
    |icmp_ln28_16_fu_1822_p2               |      icmp|   0|  0|  30|          23|           1|
    |icmp_ln28_fu_1816_p2                  |      icmp|   0|  0|  15|           8|           2|
    |icmp_ln406_1_fu_2652_p2               |      icmp|   0|  0|  38|          31|           6|
    |icmp_ln406_fu_2633_p2                 |      icmp|   0|  0|  38|          31|           3|
    |icmp_ln419_fu_1605_p2                 |      icmp|   0|  0|  39|          32|           1|
    |icmp_ln432_fu_1737_p2                 |      icmp|   0|  0|  39|          32|           1|
    |icmp_ln453_1_fu_1755_p2               |      icmp|   0|  0|  13|           6|           1|
    |icmp_ln453_fu_1745_p2                 |      icmp|   0|  0|  38|          31|           1|
    |icmp_ln465_1_fu_1951_p2               |      icmp|   0|  0|  30|          23|           1|
    |icmp_ln465_2_fu_1886_p2               |      icmp|   0|  0|  15|           8|           2|
    |icmp_ln465_3_fu_1892_p2               |      icmp|   0|  0|  30|          23|           1|
    |icmp_ln465_4_fu_1916_p2               |      icmp|   0|  0|  15|           8|           2|
    |icmp_ln465_5_fu_1922_p2               |      icmp|   0|  0|  30|          23|           1|
    |icmp_ln465_fu_1945_p2                 |      icmp|   0|  0|  15|           8|           2|
    |icmp_ln542_fu_2450_p2                 |      icmp|   0|  0|  10|           3|           1|
    |icmp_ln549_1_fu_2542_p2               |      icmp|   0|  0|  30|          23|           1|
    |icmp_ln549_2_fu_2478_p2               |      icmp|   0|  0|  15|           8|           2|
    |icmp_ln549_3_fu_2484_p2               |      icmp|   0|  0|  30|          23|           1|
    |icmp_ln549_4_fu_2587_p2               |      icmp|   0|  0|  15|           8|           2|
    |icmp_ln549_5_fu_2593_p2               |      icmp|   0|  0|  30|          23|           1|
    |icmp_ln549_6_fu_2507_p2               |      icmp|   0|  0|  15|           8|           2|
    |icmp_ln549_7_fu_2513_p2               |      icmp|   0|  0|  30|          23|           1|
    |icmp_ln549_fu_2536_p2                 |      icmp|   0|  0|  15|           8|           2|
    |icmp_ln556_fu_2668_p2                 |      icmp|   0|  0|  39|          32|          32|
    |icmp_ln563_fu_2772_p2                 |      icmp|   0|  0|  39|          32|          32|
    |ap_block_state184_on_subcall_done     |        or|   0|  0|   2|           1|           1|
    |ap_block_state204_on_subcall_done     |        or|   0|  0|   2|           1|           1|
    |ap_condition_3623                     |        or|   0|  0|   2|           1|           1|
    |or_ln129_fu_2114_p2                   |        or|   0|  0|   2|           1|           1|
    |or_ln132_1_fu_2202_p2                 |        or|   0|  0|   2|           1|           1|
    |or_ln132_fu_2184_p2                   |        or|   0|  0|   2|           1|           1|
    |or_ln154_1_fu_2263_p2                 |        or|   0|  0|   2|           1|           1|
    |or_ln154_fu_2308_p2                   |        or|   0|  0|   2|           1|           1|
    |or_ln197_fu_2363_p2                   |        or|   0|  0|   2|           1|           1|
    |or_ln228_fu_2404_p2                   |        or|   0|  0|   2|           1|           1|
    |or_ln28_16_fu_1828_p2                 |        or|   0|  0|   2|           1|           1|
    |or_ln28_fu_1854_p2                    |        or|   0|  0|   2|           1|           1|
    |or_ln465_1_fu_1957_p2                 |        or|   0|  0|   2|           1|           1|
    |or_ln465_2_fu_1963_p2                 |        or|   0|  0|   2|           1|           1|
    |or_ln465_3_fu_1979_p2                 |        or|   0|  0|   2|           1|           1|
    |or_ln465_fu_1995_p2                   |        or|   0|  0|   2|           1|           1|
    |or_ln549_1_fu_2554_p2                 |        or|   0|  0|   2|           1|           1|
    |or_ln549_2_fu_2599_p2                 |        or|   0|  0|   2|           1|           1|
    |or_ln549_3_fu_2605_p2                 |        or|   0|  0|   2|           1|           1|
    |or_ln549_fu_2548_p2                   |        or|   0|  0|   2|           1|           1|
    |empty_211_fu_2738_p3                  |    select|   0|  0|  31|           1|          31|
    |empty_214_fu_2753_p3                  |    select|   0|  0|  31|           1|          31|
    |eps_new_2_v_fu_2077_p3                |    select|   0|  0|  32|           1|          32|
    |eps_new_3_fu_2126_p3                  |    select|   0|  0|  32|           1|          30|
    |eps_new_5_fu_2225_p3                  |    select|   0|  0|  32|           1|          32|
    |pcg_tol_fraction_assign_2_fu_2071_p3  |    select|   0|  0|  32|           1|          32|
    |rho_base_new_2_fu_1860_p3             |    select|   0|  0|  32|           1|          32|
    |select_ln113_1_fu_2066_p3             |    select|   0|  0|  32|           1|          32|
    |select_ln28_fu_1846_p3                |    select|   0|  0|  31|           1|          30|
    |select_ln406_1_fu_2657_p3             |    select|   0|  0|  31|           1|           1|
    |select_ln406_fu_2639_p3               |    select|   0|  0|  31|           1|           1|
    |zero_pcg_iters_1_fu_2033_p3           |    select|   0|  0|  32|           1|          32|
    |zero_pcg_iters_2_fu_2055_p3           |    select|   0|  0|  32|           1|          32|
    |zero_pcg_iters_3_fu_2047_p3           |    select|   0|  0|  32|           1|           1|
    +--------------------------------------+----------+----+---+----+------------+------------+
    |Total                                 |          |   0|  0|1885|        1068|         591|
    +--------------------------------------+----------+----+---+----+------------+------------+

    * Multiplexer: 
    +------------------------------------------------+------+-----------+-----+-----------+
    |                      Name                      |  LUT | Input Size| Bits| Total Bits|
    +------------------------------------------------+------+-----------+-----+-----------+
    |ATy_norm_fu_614                                 |     9|          2|   32|         64|
    |Ax_norm_fu_606                                  |     9|          2|   32|         64|
    |M_inv_address0                                  |    20|          4|   12|         48|
    |M_inv_ce0                                       |    20|          4|    1|          4|
    |M_inv_we0                                       |     9|          2|   32|         64|
    |Px_norm_fu_610                                  |     9|          2|   32|         64|
    |ap_NS_fsm                                       |  1286|        242|    1|        242|
    |b_address0                                      |    43|          8|   12|         96|
    |b_ce0                                           |    43|          8|    1|          8|
    |b_ce1                                           |     9|          2|    1|          2|
    |b_d0                                            |    20|          4|  256|       1024|
    |b_we0                                           |    20|          4|   32|        128|
    |current_rho_base_assign_fu_650                  |     9|          2|   32|         64|
    |eps_new_2_fu_638                                |     9|          2|   32|         64|
    |gmem0_0_ARADDR                                  |    14|          3|   64|        192|
    |gmem0_0_ARLEN                                   |    14|          3|   32|         96|
    |gmem0_0_ARVALID                                 |    14|          3|    1|          3|
    |gmem0_0_RREADY                                  |    14|          3|    1|          3|
    |gmem1_0_ARADDR                                  |    14|          3|   64|        192|
    |gmem1_0_ARLEN                                   |    14|          3|   32|         96|
    |gmem1_0_ARVALID                                 |    14|          3|    1|          3|
    |gmem1_0_RREADY                                  |    14|          3|    1|          3|
    |gmem2_0_ARADDR                                  |    14|          3|   64|        192|
    |gmem2_0_ARLEN                                   |    14|          3|   32|         96|
    |gmem2_0_ARVALID                                 |    14|          3|    1|          3|
    |gmem2_0_RREADY                                  |    14|          3|    1|          3|
    |gmem3_0_ARADDR                                  |    20|          4|   64|        256|
    |gmem3_0_ARLEN                                   |    20|          4|   32|        128|
    |gmem3_0_ARVALID                                 |    20|          4|    1|          4|
    |gmem3_0_AWADDR                                  |    26|          5|   64|        320|
    |gmem3_0_AWLEN                                   |    26|          5|   32|        160|
    |gmem3_0_AWVALID                                 |    20|          4|    1|          4|
    |gmem3_0_BREADY                                  |    20|          4|    1|          4|
    |gmem3_0_RREADY                                  |    14|          3|    1|          3|
    |gmem3_0_WDATA                                   |    14|          3|   32|         96|
    |gmem3_0_WSTRB                                   |    14|          3|    4|         12|
    |gmem3_0_WVALID                                  |    14|          3|    1|          3|
    |gmem3_blk_n_AR                                  |     9|          2|    1|          2|
    |gmem3_blk_n_AW                                  |     9|          2|    1|          2|
    |gmem3_blk_n_B                                   |     9|          2|    1|          2|
    |grp_dot_prod_fu_1321_x_q0                       |    14|          3|  256|        768|
    |grp_dot_prod_fu_1321_y_q0                       |    14|          3|  256|        768|
    |grp_fmax_fu_1120_x                              |    65|         16|   32|        512|
    |grp_fmax_fu_1120_y                              |    81|         17|   32|        544|
    |grp_fu_1494_ce                                  |    59|         11|    1|         11|
    |grp_fu_1494_opcode                              |    65|         12|    2|         24|
    |grp_fu_1494_p0                                  |    65|         14|   32|        448|
    |grp_fu_1494_p1                                  |    65|         13|   32|        416|
    |grp_fu_1500_ce                                  |    43|          8|    1|          8|
    |grp_fu_1500_opcode                              |    49|          9|    2|         18|
    |grp_fu_1500_p0                                  |    49|          9|   32|        288|
    |grp_fu_1500_p1                                  |    49|          9|   32|        288|
    |grp_fu_1504_p0                                  |    31|          6|   32|        192|
    |grp_fu_1504_p1                                  |    37|          7|   32|        224|
    |grp_fu_1509_ce                                  |    65|         13|    1|         13|
    |grp_fu_1509_p0                                  |    65|         15|   32|        480|
    |grp_fu_1509_p1                                  |    65|         15|   32|        480|
    |grp_fu_1515_ce                                  |    14|          3|    1|          3|
    |grp_fu_1515_p0                                  |    43|          8|   32|        256|
    |grp_fu_1515_p1                                  |    43|          8|   32|        256|
    |grp_fu_1521_ce                                  |    20|          4|    1|          4|
    |grp_fu_1521_opcode                              |    31|          6|    5|         30|
    |grp_fu_1521_p0                                  |    54|         10|   32|        320|
    |grp_fu_1521_p1                                  |    54|         10|   32|        320|
    |grp_fu_1526_ce                                  |    14|          3|    1|          3|
    |grp_fu_1526_opcode                              |    31|          6|    5|         30|
    |grp_fu_1526_p0                                  |    31|          6|   32|        192|
    |grp_fu_1526_p1                                  |    31|          6|   32|        192|
    |grp_fu_1534_p1                                  |    14|          3|   32|         96|
    |grp_fu_3631_ce                                  |    49|          9|    1|          9|
    |grp_fu_3631_p0                                  |    49|          9|   32|        288|
    |grp_fu_3631_p1                                  |    49|          9|   32|        288|
    |grp_fu_3635_ce                                  |    37|          7|    1|          7|
    |grp_fu_3635_p0                                  |    37|          7|   32|        224|
    |grp_fu_3635_p1                                  |    37|          7|   32|        224|
    |grp_fu_3639_ce                                  |    31|          6|    1|          6|
    |grp_fu_3639_p0                                  |    31|          6|   32|        192|
    |grp_fu_3639_p1                                  |    31|          6|   32|        192|
    |grp_fu_3643_ce                                  |    31|          6|    1|          6|
    |grp_fu_3643_p0                                  |    31|          6|   32|        192|
    |grp_fu_3643_p1                                  |    31|          6|   32|        192|
    |grp_fu_3647_ce                                  |    31|          6|    1|          6|
    |grp_fu_3647_p0                                  |    31|          6|   32|        192|
    |grp_fu_3647_p1                                  |    31|          6|   32|        192|
    |grp_fu_3651_ce                                  |    31|          6|    1|          6|
    |grp_fu_3651_p0                                  |    31|          6|   32|        192|
    |grp_fu_3651_p1                                  |    31|          6|   32|        192|
    |grp_fu_3655_ce                                  |    31|          6|    1|          6|
    |grp_fu_3655_p0                                  |    31|          6|   32|        192|
    |grp_fu_3655_p1                                  |    31|          6|   32|        192|
    |grp_fu_3659_ce                                  |    26|          5|    1|          5|
    |grp_fu_3659_opcode                              |    26|          5|    2|         10|
    |grp_fu_3659_p0                                  |    26|          5|   32|        160|
    |grp_fu_3659_p1                                  |    26|          5|   32|        160|
    |grp_fu_3663_ce                                  |    26|          5|    1|          5|
    |grp_fu_3663_opcode                              |    26|          5|    2|         10|
    |grp_fu_3663_p0                                  |    26|          5|   32|        160|
    |grp_fu_3663_p1                                  |    26|          5|   32|        160|
    |grp_fu_3667_ce                                  |    26|          5|    1|          5|
    |grp_fu_3667_opcode                              |    26|          5|    2|         10|
    |grp_fu_3667_p0                                  |    26|          5|   32|        160|
    |grp_fu_3667_p1                                  |    26|          5|   32|        160|
    |grp_fu_3671_ce                                  |    26|          5|    1|          5|
    |grp_fu_3671_opcode                              |    26|          5|    2|         10|
    |grp_fu_3671_p0                                  |    26|          5|   32|        160|
    |grp_fu_3671_p1                                  |    26|          5|   32|        160|
    |grp_fu_3675_ce                                  |    26|          5|    1|          5|
    |grp_fu_3675_opcode                              |    26|          5|    2|         10|
    |grp_fu_3675_p0                                  |    26|          5|   32|        160|
    |grp_fu_3675_p1                                  |    26|          5|   32|        160|
    |grp_fu_3679_ce                                  |    26|          5|    1|          5|
    |grp_fu_3679_opcode                              |    26|          5|    2|         10|
    |grp_fu_3679_p0                                  |    26|          5|   32|        160|
    |grp_fu_3679_p1                                  |    26|          5|   32|        160|
    |grp_fu_3683_ce                                  |    14|          3|    1|          3|
    |grp_fu_3683_p0                                  |    14|          3|   32|         96|
    |grp_fu_3683_p1                                  |    14|          3|   32|         96|
    |grp_fu_3687_ce                                  |    14|          3|    1|          3|
    |grp_fu_3687_p0                                  |    14|          3|   32|         96|
    |grp_fu_3687_p1                                  |    14|          3|   32|         96|
    |grp_fu_3691_ce                                  |    14|          3|    1|          3|
    |grp_fu_3691_p0                                  |    14|          3|   32|         96|
    |grp_fu_3691_p1                                  |    14|          3|   32|         96|
    |grp_fu_3695_ce                                  |    14|          3|    1|          3|
    |grp_fu_3695_p0                                  |    14|          3|   32|         96|
    |grp_fu_3695_p1                                  |    14|          3|   32|         96|
    |grp_fu_3699_ce                                  |    14|          3|    1|          3|
    |grp_fu_3699_p0                                  |    14|          3|   32|         96|
    |grp_fu_3699_p1                                  |    14|          3|   32|         96|
    |grp_fu_3703_ce                                  |    14|          3|    1|          3|
    |grp_fu_3703_p0                                  |    14|          3|   32|         96|
    |grp_fu_3703_p1                                  |    14|          3|   32|         96|
    |grp_fu_3707_ce                                  |    14|          3|    1|          3|
    |grp_fu_3707_p0                                  |    14|          3|   32|         96|
    |grp_fu_3707_p1                                  |    14|          3|   32|         96|
    |grp_fu_3711_ce                                  |    14|          3|    1|          3|
    |grp_fu_3711_p0                                  |    14|          3|   32|         96|
    |grp_fu_3711_p1                                  |    14|          3|   32|         96|
    |grp_fu_3715_ce                                  |    20|          4|    1|          4|
    |grp_fu_3715_opcode                              |    20|          4|    2|          8|
    |grp_fu_3715_p0                                  |    20|          4|   32|        128|
    |grp_fu_3715_p1                                  |    20|          4|   32|        128|
    |grp_spmv_csc_tiled_fu_1154_A_col_offsets        |    20|          4|   64|        256|
    |grp_spmv_csc_tiled_fu_1154_A_col_ptr            |    20|          4|   64|        256|
    |grp_spmv_csc_tiled_fu_1154_A_nnz_counts         |    20|          4|   64|        256|
    |grp_spmv_csc_tiled_fu_1154_A_nnz_offsets        |    20|          4|   64|        256|
    |grp_spmv_csc_tiled_fu_1154_A_num_col_tiles_val  |    20|          4|   32|        128|
    |grp_spmv_csc_tiled_fu_1154_A_num_row_tiles_val  |    20|          4|   32|        128|
    |grp_spmv_csc_tiled_fu_1154_A_row_idx            |    20|          4|   64|        256|
    |grp_spmv_csc_tiled_fu_1154_A_values             |    20|          4|   64|        256|
    |grp_spmv_csc_tiled_fu_1154_global_num_cols      |    14|          3|   32|         96|
    |grp_spmv_csc_tiled_fu_1154_global_num_rows      |    14|          3|   32|         96|
    |grp_spmv_csc_tiled_fu_1154_x_q0                 |    31|          6|  256|       1536|
    |k_1_reg_1028                                    |     9|          2|   31|         62|
    |l_address0                                      |    14|          3|   15|         45|
    |l_ce0                                           |    14|          3|    1|          3|
    |l_we0                                           |     9|          2|    1|          2|
    |local_max_5_fmax_fu_3601_x                      |    59|         11|   32|        352|
    |local_max_5_fmax_fu_3601_y                      |    59|         11|   32|        352|
    |local_max_7_fmax_fu_3606_x                      |    59|         11|   32|        352|
    |local_max_7_fmax_fu_3606_y                      |    59|         11|   32|        352|
    |local_max_97_fmax_fu_3611_x                     |    59|         11|   32|        352|
    |local_max_97_fmax_fu_3611_y                     |    59|         11|   32|        352|
    |local_max_98_fmax_fu_3616_x                     |    59|         11|   32|        352|
    |local_max_98_fmax_fu_3616_y                     |    59|         11|   32|        352|
    |local_max_9_fmax_fu_3621_x                      |    59|         11|   32|        352|
    |local_max_9_fmax_fu_3621_y                      |    59|         11|   32|        352|
    |local_max_fmax_fu_3626_x                        |    59|         11|   32|        352|
    |local_max_fmax_fu_3626_y                        |    59|         11|   32|        352|
    |max_dual_fmax_fu_1129_x                         |    65|         12|   32|        384|
    |max_dual_fmax_fu_1129_y                         |    65|         12|   32|        384|
    |max_val_0_i65_lcssa_reg_1040                    |     9|          2|   32|         64|
    |max_val_0_i_i_lcssa_reg_997                     |     9|          2|   32|         64|
    |max_val_0_i_lcssa_reg_973                       |     9|          2|   32|         64|
    |norm_z_fu_618                                   |     9|          2|   32|         64|
    |num_iterations_1_reg_1052                       |     9|          2|   31|         62|
    |num_iterations_2_reg_985                        |     9|          2|   31|         62|
    |num_pcg_iterations_fu_642                       |     9|          2|   31|         62|
    |p_address0                                      |    37|          7|   12|         84|
    |p_ce0                                           |    37|          7|    1|          7|
    |p_ce1                                           |     9|          2|    1|          2|
    |p_d0                                            |    14|          3|  256|        768|
    |p_we0                                           |    14|          3|   32|         96|
    |pcg_tol_fraction_assign_fu_634                  |     9|          2|   32|         64|
    |phi_urem1_fu_598                                |     9|          2|   31|         62|
    |phi_urem_fu_602                                 |     9|          2|   31|         62|
    |q_1_address0                                    |    26|          5|   13|         65|
    |q_1_address1                                    |    14|          3|   13|         39|
    |q_1_ce0                                         |    26|          5|    1|          5|
    |q_1_ce1                                         |    14|          3|    1|          3|
    |q_1_we0                                         |     9|          2|    1|          2|
    |q_2_address0                                    |    26|          5|   13|         65|
    |q_2_address1                                    |    14|          3|   13|         39|
    |q_2_ce0                                         |    26|          5|    1|          5|
    |q_2_ce1                                         |    14|          3|    1|          3|
    |q_2_we0                                         |     9|          2|    1|          2|
    |q_3_address0                                    |    26|          5|   13|         65|
    |q_3_address1                                    |    14|          3|   13|         39|
    |q_3_ce0                                         |    26|          5|    1|          5|
    |q_3_ce1                                         |    14|          3|    1|          3|
    |q_3_we0                                         |     9|          2|    1|          2|
    |q_address0                                      |    26|          5|   13|         65|
    |q_address1                                      |    14|          3|   13|         39|
    |q_ce0                                           |    26|          5|    1|          5|
    |q_ce1                                           |    14|          3|    1|          3|
    |q_we0                                           |     9|          2|    1|          2|
    |rT_y_1_reg_1018                                 |     9|          2|   32|         64|
    |r_address0                                      |    31|          6|   12|         72|
    |r_ce0                                           |    31|          6|    1|          6|
    |r_ce1                                           |     9|          2|    1|          2|
    |r_d0                                            |    14|          3|  256|        768|
    |r_dual_fu_626                                   |     9|          2|   32|         64|
    |r_norm_reg_1008                                 |     9|          2|   32|         64|
    |r_prim_fu_630                                   |     9|          2|   32|         64|
    |r_we0                                           |    14|          3|   32|         96|
    |r_we1                                           |     9|          2|   32|         64|
    |rho_address0                                    |    43|          8|   12|         96|
    |rho_ce0                                         |    43|          8|    1|          8|
    |rho_ce1                                         |     9|          2|    1|          2|
    |rho_d0                                          |    14|          3|  256|        768|
    |rho_inv_address0                                |    20|          4|   12|         48|
    |rho_inv_ce0                                     |    20|          4|    1|          4|
    |rho_inv_ce1                                     |     9|          2|    1|          2|
    |rho_inv_d0                                      |    14|          3|  256|        768|
    |rho_inv_we0                                     |    14|          3|   32|         96|
    |rho_inv_we1                                     |     9|          2|   32|         64|
    |rho_we0                                         |    14|          3|   32|         96|
    |rho_we1                                         |     9|          2|   32|         64|
    |tmp1_address0                                   |    65|         14|   12|        168|
    |tmp1_address1                                   |    20|          4|   12|         48|
    |tmp1_ce0                                        |    65|         14|    1|         14|
    |tmp1_ce1                                        |    20|          4|    1|          4|
    |tmp1_d0                                         |    31|          6|  256|       1536|
    |tmp1_we0                                        |    31|          6|   32|        192|
    |tmp2_address0                                   |    65|         12|   12|        144|
    |tmp2_address1                                   |    20|          4|   12|         48|
    |tmp2_ce0                                        |    65|         12|    1|         12|
    |tmp2_ce1                                        |    20|          4|    1|          4|
    |tmp2_d0                                         |    37|          7|  256|       1792|
    |tmp2_d1                                         |    14|          3|  256|        768|
    |tmp2_we0                                        |    37|          7|   32|        224|
    |tmp2_we1                                        |    14|          3|   32|         96|
    |total_pcg_iterations_fu_622                     |     9|          2|   32|         64|
    |u_address0                                      |    14|          3|   15|         45|
    |u_ce0                                           |    14|          3|    1|          3|
    |u_we0                                           |     9|          2|    1|          2|
    |x_address0                                      |    31|          6|   12|         72|
    |x_ce0                                           |    31|          6|    1|          6|
    |x_d0                                            |    14|          3|  256|        768|
    |x_tilde_address0                                |    31|          6|   12|         72|
    |x_tilde_ce0                                     |    31|          6|    1|          6|
    |x_tilde_ce1                                     |     9|          2|    1|          2|
    |x_tilde_d0                                      |    14|          3|  256|        768|
    |x_tilde_we0                                     |    14|          3|   32|         96|
    |x_we0                                           |    14|          3|   32|         96|
    |y_address0                                      |    37|          7|   12|         84|
    |y_ce0                                           |    37|          7|    1|          7|
    |y_ce1                                           |     9|          2|    1|          2|
    |y_d0                                            |    20|          4|  256|       1024|
    |y_we0                                           |    20|          4|   32|        128|
    |y_we1                                           |     9|          2|   32|         64|
    |z_address0                                      |    31|          6|   12|         72|
    |z_ce0                                           |    31|          6|    1|          6|
    |z_d0                                            |    14|          3|  256|        768|
    |z_we0                                           |    14|          3|   32|         96|
    |zero_pcg_iters_fu_646                           |     9|          2|   32|         64|
    +------------------------------------------------+------+-----------+-----+-----------+
    |Total                                           |  7934|       1563| 8920|      41138|
    +------------------------------------------------+------+-----------+-----+-----------+

    * Register: 
    +----------------------------------------------------------+-----+----+-----+-----------+
    |                           Name                           |  FF | LUT| Bits| Const Bits|
    +----------------------------------------------------------+-----+----+-----+-----------+
    |AT_col_ptr_tiled_read_reg_2933                            |   64|   0|   64|          0|
    |AT_num_col_tiles_read_reg_2958                            |   32|   0|   32|          0|
    |AT_num_row_tiles_read_reg_2963                            |   32|   0|   32|          0|
    |AT_row_idx_tiled_read_reg_2938                            |   64|   0|   64|          0|
    |AT_tile_col_offsets_read_reg_2943                         |   64|   0|   64|          0|
    |AT_tile_nnz_counts_read_reg_2953                          |   64|   0|   64|          0|
    |AT_tile_nnz_offsets_read_reg_2948                         |   64|   0|   64|          0|
    |AT_values_tiled_read_reg_2928                             |   64|   0|   64|          0|
    |ATy_norm_fu_614                                           |   32|   0|   32|          0|
    |A_col_ptr_read_reg_3013                                   |   64|   0|   64|          0|
    |A_col_ptr_tiled_read_reg_2973                             |   64|   0|   64|          0|
    |A_num_col_tiles_read_reg_2998                             |   32|   0|   32|          0|
    |A_num_row_tiles_read_reg_3003                             |   32|   0|   32|          0|
    |A_row_idx_read_reg_3018                                   |   64|   0|   64|          0|
    |A_row_idx_tiled_read_reg_2978                             |   64|   0|   64|          0|
    |A_tile_col_offsets_read_reg_2983                          |   64|   0|   64|          0|
    |A_tile_nnz_counts_read_reg_2993                           |   64|   0|   64|          0|
    |A_tile_nnz_offsets_read_reg_2988                          |   64|   0|   64|          0|
    |A_values_read_reg_3008                                    |   64|   0|   64|          0|
    |A_values_tiled_read_reg_2968                              |   64|   0|   64|          0|
    |Ax_norm_fu_606                                            |   32|   0|   32|          0|
    |P_col_ptr_tiled_read_reg_2893                             |   64|   0|   64|          0|
    |P_diag_read_reg_2883                                      |   64|   0|   64|          0|
    |P_num_col_tiles_read_reg_2918                             |   32|   0|   32|          0|
    |P_num_row_tiles_read_reg_2923                             |   32|   0|   32|          0|
    |P_row_idx_tiled_read_reg_2898                             |   64|   0|   64|          0|
    |P_tile_col_offsets_read_reg_2903                          |   64|   0|   64|          0|
    |P_tile_nnz_counts_read_reg_2913                           |   64|   0|   64|          0|
    |P_tile_nnz_offsets_read_reg_2908                          |   64|   0|   64|          0|
    |P_values_tiled_read_reg_2888                              |   64|   0|   64|          0|
    |Px_norm_fu_610                                            |   32|   0|   32|          0|
    |S_reg_3339                                                |   32|   0|   32|          0|
    |adaptive_rho_read_reg_2837                                |    1|   0|    1|          0|
    |add3_i_reg_3329                                           |   32|   0|   32|          0|
    |add_i2_reg_3334                                           |   32|   0|   32|          0|
    |admm_max_iterations_read_reg_2847                         |   32|   0|   32|          0|
    |alpha_read_reg_2858                                       |   32|   0|   32|          0|
    |and_ln453_1_reg_3313                                      |    1|   0|    1|          0|
    |and_ln542_reg_3522                                        |    1|   0|    1|          0|
    |ap_CS_fsm                                                 |  241|   0|  241|          0|
    |current_rho_base_assign_fu_650                            |   32|   0|   32|          0|
    |empty_209_reg_3084                                        |   31|   0|   31|          0|
    |empty_211_reg_3575                                        |   31|   0|   31|          0|
    |empty_214_reg_3586                                        |   31|   0|   31|          0|
    |empty_reg_3076                                            |   31|   0|   31|          0|
    |eps_abs_read_reg_2831                                     |   32|   0|   32|          0|
    |eps_dual_reg_3537                                         |   32|   0|   32|          0|
    |eps_new_2_fu_638                                          |   32|   0|   32|          0|
    |eps_new_2_v_reg_3411                                      |   32|   0|   32|          0|
    |eps_new_3_reg_3416                                        |   32|   0|   32|          0|
    |eps_new_5_reg_3431                                        |   32|   0|   32|          0|
    |eps_prim_reg_3531                                         |   32|   0|   32|          0|
    |eps_rel_read_reg_2825                                     |   32|   0|   32|          0|
    |grp_admm_Pipeline_VITIS_LOOP_116_3_fu_1301_ap_start_reg   |    1|   0|    1|          0|
    |grp_admm_Pipeline_VITIS_LOOP_131_5_fu_1311_ap_start_reg   |    1|   0|    1|          0|
    |grp_admm_Pipeline_VITIS_LOOP_144_1_fu_1145_ap_start_reg   |    1|   0|    1|          0|
    |grp_admm_Pipeline_VITIS_LOOP_151_2_fu_1272_ap_start_reg   |    1|   0|    1|          0|
    |grp_admm_Pipeline_VITIS_LOOP_160_7_fu_1336_ap_start_reg   |    1|   0|    1|          0|
    |grp_admm_Pipeline_VITIS_LOOP_181_9_fu_1344_ap_start_reg   |    1|   0|    1|          0|
    |grp_admm_Pipeline_VITIS_LOOP_204_11_fu_1354_ap_start_reg  |    1|   0|    1|          0|
    |grp_admm_Pipeline_VITIS_LOOP_234_13_fu_1367_ap_start_reg  |    1|   0|    1|          0|
    |grp_admm_Pipeline_VITIS_LOOP_419_1_fu_1062_ap_start_reg   |    1|   0|    1|          0|
    |grp_admm_Pipeline_VITIS_LOOP_432_2_fu_1086_ap_start_reg   |    1|   0|    1|          0|
    |grp_admm_Pipeline_VITIS_LOOP_483_4_fu_1384_ap_start_reg   |    1|   0|    1|          0|
    |grp_admm_Pipeline_VITIS_LOOP_489_5_fu_1393_ap_start_reg   |    1|   0|    1|          0|
    |grp_admm_Pipeline_VITIS_LOOP_506_6_fu_1424_ap_start_reg   |    1|   0|    1|          0|
    |grp_admm_Pipeline_VITIS_LOOP_526_8_fu_1456_ap_start_reg   |    1|   0|    1|          0|
    |grp_admm_Pipeline_VITIS_LOOP_567_10_fu_1476_ap_start_reg  |    1|   0|    1|          0|
    |grp_admm_Pipeline_VITIS_LOOP_573_11_fu_1485_ap_start_reg  |    1|   0|    1|          0|
    |grp_admm_Pipeline_VITIS_LOOP_7_12_fu_1376_ap_start_reg    |    1|   0|    1|          0|
    |grp_admm_Pipeline_VITIS_LOOP_7_1_fu_1328_ap_start_reg     |    1|   0|    1|          0|
    |grp_admm_Pipeline_VITIS_LOOP_8_11_fu_1285_ap_start_reg    |    1|   0|    1|          0|
    |grp_admm_Pipeline_VITIS_LOOP_8_13_fu_1408_ap_start_reg    |    1|   0|    1|          0|
    |grp_admm_Pipeline_VITIS_LOOP_8_14_fu_1416_ap_start_reg    |    1|   0|    1|          0|
    |grp_admm_Pipeline_VITIS_LOOP_8_15_fu_1432_ap_start_reg    |    1|   0|    1|          0|
    |grp_admm_Pipeline_VITIS_LOOP_8_16_fu_1440_ap_start_reg    |    1|   0|    1|          0|
    |grp_admm_Pipeline_VITIS_LOOP_8_17_fu_1448_ap_start_reg    |    1|   0|    1|          0|
    |grp_admm_Pipeline_VITIS_LOOP_8_18_fu_1468_ap_start_reg    |    1|   0|    1|          0|
    |grp_admm_Pipeline_VITIS_LOOP_8_1_fu_1076_ap_start_reg     |    1|   0|    1|          0|
    |grp_admm_Pipeline_VITIS_LOOP_95_1_fu_1293_ap_start_reg    |    1|   0|    1|          0|
    |grp_apply_new_rho_fu_1135_ap_start_reg                    |    1|   0|    1|          0|
    |grp_dot_prod_fu_1321_ap_start_reg                         |    1|   0|    1|          0|
    |grp_spmv_csc_tiled_fu_1154_ap_start_reg                   |    1|   0|    1|          0|
    |grp_update_preconditioner_fu_1102_ap_start_reg            |    1|   0|    1|          0|
    |icmp_ln113_reg_3387                                       |    1|   0|    1|          0|
    |icmp_ln120_reg_3382                                       |    1|   0|    1|          0|
    |icmp_ln154_1_reg_3446                                     |    1|   0|    1|          0|
    |icmp_ln154_2_reg_3451                                     |    1|   0|    1|          0|
    |icmp_ln419_reg_3154                                       |    1|   0|    1|          0|
    |icmp_ln432_reg_3291                                       |    1|   0|    1|          0|
    |icmp_ln453_reg_3305                                       |    1|   0|    1|          0|
    |icmp_ln465_2_reg_3355                                     |    1|   0|    1|          0|
    |icmp_ln465_3_reg_3360                                     |    1|   0|    1|          0|
    |icmp_ln465_4_reg_3365                                     |    1|   0|    1|          0|
    |icmp_ln465_5_reg_3370                                     |    1|   0|    1|          0|
    |icmp_ln549_2_reg_3543                                     |    1|   0|    1|          0|
    |icmp_ln549_3_reg_3548                                     |    1|   0|    1|          0|
    |icmp_ln549_6_reg_3553                                     |    1|   0|    1|          0|
    |icmp_ln549_7_reg_3558                                     |    1|   0|    1|          0|
    |iter_count_reg_3469                                       |   31|   0|   31|          0|
    |k_1_reg_1028                                              |   31|   0|   31|          0|
    |l_in_read_reg_2878                                        |   64|   0|   64|          0|
    |max_dual_reg_3526                                         |   32|   0|   32|          0|
    |max_val_0_i65_lcssa_reg_1040                              |   32|   0|   32|          0|
    |max_val_0_i_i_lcssa_reg_997                               |   32|   0|   32|          0|
    |max_val_0_i_lcssa_reg_973                                 |   32|   0|   32|          0|
    |mul_i_reg_3400                                            |   32|   0|   32|          0|
    |norm_z_fu_618                                             |   32|   0|   32|          0|
    |num_cols_read_reg_3023                                    |   32|   0|   32|          0|
    |num_iterations_1_reg_1052                                 |   31|   0|   31|          0|
    |num_iterations_2_reg_985                                  |   31|   0|   31|          0|
    |num_iterations_reg_3317                                   |   31|   0|   31|          0|
    |num_pcg_iterations_fu_642                                 |   31|   0|   31|          0|
    |num_rows_read_reg_3055                                    |   32|   0|   32|          0|
    |one_minus_alpha_reg_3296                                  |   32|   0|   32|          0|
    |or_ln154_1_reg_3441                                       |    1|   0|    1|          0|
    |or_ln465_reg_3375                                         |    1|   0|    1|          0|
    |pT_K_p_reg_3474                                           |   32|   0|   32|          0|
    |pcg_max_iterations_read_reg_2842                          |   32|   0|   32|          0|
    |pcg_tol_fraction_assign_2_reg_3405                        |   32|   0|   32|          0|
    |pcg_tol_fraction_assign_fu_634                            |   32|   0|   32|          0|
    |pcg_tol_fraction_read_reg_2820                            |   32|   0|   32|          0|
    |phi_urem1_fu_598                                          |   31|   0|   31|          0|
    |phi_urem_fu_602                                           |   31|   0|   31|          0|
    |prim_res_norm_reg_3324                                    |   32|   0|   32|          0|
    |rT_y_1_reg_1018                                           |   32|   0|   32|          0|
    |rT_y_3_reg_3484                                           |   32|   0|   32|          0|
    |rT_y_reg_3423                                             |   32|   0|   32|          0|
    |r_dual_fu_626                                             |   32|   0|   32|          0|
    |r_norm_reg_1008                                           |   32|   0|   32|          0|
    |r_prim_fu_630                                             |   32|   0|   32|          0|
    |reg_1552                                                  |   32|   0|   32|          0|
    |reg_1573                                                  |   32|   0|   32|          0|
    |reg_1582                                                  |   32|   0|   32|          0|
    |reg_1591                                                  |   32|   0|   32|          0|
    |rho_base_new_2_reg_3347                                   |   32|   0|   32|          0|
    |rho_in_read_reg_2853                                      |   64|   0|   64|          0|
    |sigma_read_reg_2865                                       |   32|   0|   32|          0|
    |tmp_258_reg_3456                                          |    1|   0|    1|          0|
    |total_pcg_iterations_1_reg_3498                           |   32|   0|   32|          0|
    |total_pcg_iterations_fu_622                               |   32|   0|   32|          0|
    |trunc_ln3_reg_3276                                        |   62|   0|   62|          0|
    |trunc_ln432_1_reg_3281                                    |   62|   0|   62|          0|
    |trunc_ln432_2_reg_3286                                    |   62|   0|   62|          0|
    |trunc_ln4_reg_3569                                        |   62|   0|   62|          0|
    |trunc_ln5_reg_3580                                        |   62|   0|   62|          0|
    |trunc_ln_reg_3159                                         |   62|   0|   62|          0|
    |u_in_read_reg_2873                                        |   64|   0|   64|          0|
    |x_out_read_reg_2815                                       |   64|   0|   64|          0|
    |y_out_read_reg_2810                                       |   64|   0|   64|          0|
    |zero_pcg_iters_2_reg_3392                                 |   32|   0|   32|          0|
    |zero_pcg_iters_fu_646                                     |   32|   0|   32|          0|
    |zext_ln154_reg_3461                                       |   31|   0|   32|          1|
    +----------------------------------------------------------+-----+----+-----+-----------+
    |Total                                                     | 4524|   0| 4525|          1|
    +----------------------------------------------------------+-----+----+-----+-----------+



================================================================
== Interface
================================================================
* Summary: 
+-------------------------+-----+-----+------------+--------------+--------------+
|        RTL Ports        | Dir | Bits|  Protocol  | Source Object|    C Type    |
+-------------------------+-----+-----+------------+--------------+--------------+
|s_axi_control_AWVALID    |   in|    1|       s_axi|       control|       pointer|
|s_axi_control_AWREADY    |  out|    1|       s_axi|       control|       pointer|
|s_axi_control_AWADDR     |   in|    8|       s_axi|       control|       pointer|
|s_axi_control_WVALID     |   in|    1|       s_axi|       control|       pointer|
|s_axi_control_WREADY     |  out|    1|       s_axi|       control|       pointer|
|s_axi_control_WDATA      |   in|   32|       s_axi|       control|       pointer|
|s_axi_control_WSTRB      |   in|    4|       s_axi|       control|       pointer|
|s_axi_control_ARVALID    |   in|    1|       s_axi|       control|       pointer|
|s_axi_control_ARREADY    |  out|    1|       s_axi|       control|       pointer|
|s_axi_control_ARADDR     |   in|    8|       s_axi|       control|       pointer|
|s_axi_control_RVALID     |  out|    1|       s_axi|       control|       pointer|
|s_axi_control_RREADY     |   in|    1|       s_axi|       control|       pointer|
|s_axi_control_RDATA      |  out|   32|       s_axi|       control|       pointer|
|s_axi_control_RRESP      |  out|    2|       s_axi|       control|       pointer|
|s_axi_control_BVALID     |  out|    1|       s_axi|       control|       pointer|
|s_axi_control_BREADY     |   in|    1|       s_axi|       control|       pointer|
|s_axi_control_BRESP      |  out|    2|       s_axi|       control|       pointer|
|s_axi_control_r_AWVALID  |   in|    1|       s_axi|     control_r|        scalar|
|s_axi_control_r_AWREADY  |  out|    1|       s_axi|     control_r|        scalar|
|s_axi_control_r_AWADDR   |   in|    9|       s_axi|     control_r|        scalar|
|s_axi_control_r_WVALID   |   in|    1|       s_axi|     control_r|        scalar|
|s_axi_control_r_WREADY   |  out|    1|       s_axi|     control_r|        scalar|
|s_axi_control_r_WDATA    |   in|   32|       s_axi|     control_r|        scalar|
|s_axi_control_r_WSTRB    |   in|    4|       s_axi|     control_r|        scalar|
|s_axi_control_r_ARVALID  |   in|    1|       s_axi|     control_r|        scalar|
|s_axi_control_r_ARREADY  |  out|    1|       s_axi|     control_r|        scalar|
|s_axi_control_r_ARADDR   |   in|    9|       s_axi|     control_r|        scalar|
|s_axi_control_r_RVALID   |  out|    1|       s_axi|     control_r|        scalar|
|s_axi_control_r_RREADY   |   in|    1|       s_axi|     control_r|        scalar|
|s_axi_control_r_RDATA    |  out|   32|       s_axi|     control_r|        scalar|
|s_axi_control_r_RRESP    |  out|    2|       s_axi|     control_r|        scalar|
|s_axi_control_r_BVALID   |  out|    1|       s_axi|     control_r|        scalar|
|s_axi_control_r_BREADY   |   in|    1|       s_axi|     control_r|        scalar|
|s_axi_control_r_BRESP    |  out|    2|       s_axi|     control_r|        scalar|
|ap_clk                   |   in|    1|  ap_ctrl_hs|          admm|  return value|
|ap_rst_n                 |   in|    1|  ap_ctrl_hs|          admm|  return value|
|interrupt                |  out|    1|  ap_ctrl_hs|          admm|  return value|
|m_axi_gmem0_AWVALID      |  out|    1|       m_axi|         gmem0|       pointer|
|m_axi_gmem0_AWREADY      |   in|    1|       m_axi|         gmem0|       pointer|
|m_axi_gmem0_AWADDR       |  out|   64|       m_axi|         gmem0|       pointer|
|m_axi_gmem0_AWID         |  out|    1|       m_axi|         gmem0|       pointer|
|m_axi_gmem0_AWLEN        |  out|    8|       m_axi|         gmem0|       pointer|
|m_axi_gmem0_AWSIZE       |  out|    3|       m_axi|         gmem0|       pointer|
|m_axi_gmem0_AWBURST      |  out|    2|       m_axi|         gmem0|       pointer|
|m_axi_gmem0_AWLOCK       |  out|    2|       m_axi|         gmem0|       pointer|
|m_axi_gmem0_AWCACHE      |  out|    4|       m_axi|         gmem0|       pointer|
|m_axi_gmem0_AWPROT       |  out|    3|       m_axi|         gmem0|       pointer|
|m_axi_gmem0_AWQOS        |  out|    4|       m_axi|         gmem0|       pointer|
|m_axi_gmem0_AWREGION     |  out|    4|       m_axi|         gmem0|       pointer|
|m_axi_gmem0_AWUSER       |  out|    1|       m_axi|         gmem0|       pointer|
|m_axi_gmem0_WVALID       |  out|    1|       m_axi|         gmem0|       pointer|
|m_axi_gmem0_WREADY       |   in|    1|       m_axi|         gmem0|       pointer|
|m_axi_gmem0_WDATA        |  out|  512|       m_axi|         gmem0|       pointer|
|m_axi_gmem0_WSTRB        |  out|   64|       m_axi|         gmem0|       pointer|
|m_axi_gmem0_WLAST        |  out|    1|       m_axi|         gmem0|       pointer|
|m_axi_gmem0_WID          |  out|    1|       m_axi|         gmem0|       pointer|
|m_axi_gmem0_WUSER        |  out|    1|       m_axi|         gmem0|       pointer|
|m_axi_gmem0_ARVALID      |  out|    1|       m_axi|         gmem0|       pointer|
|m_axi_gmem0_ARREADY      |   in|    1|       m_axi|         gmem0|       pointer|
|m_axi_gmem0_ARADDR       |  out|   64|       m_axi|         gmem0|       pointer|
|m_axi_gmem0_ARID         |  out|    1|       m_axi|         gmem0|       pointer|
|m_axi_gmem0_ARLEN        |  out|    8|       m_axi|         gmem0|       pointer|
|m_axi_gmem0_ARSIZE       |  out|    3|       m_axi|         gmem0|       pointer|
|m_axi_gmem0_ARBURST      |  out|    2|       m_axi|         gmem0|       pointer|
|m_axi_gmem0_ARLOCK       |  out|    2|       m_axi|         gmem0|       pointer|
|m_axi_gmem0_ARCACHE      |  out|    4|       m_axi|         gmem0|       pointer|
|m_axi_gmem0_ARPROT       |  out|    3|       m_axi|         gmem0|       pointer|
|m_axi_gmem0_ARQOS        |  out|    4|       m_axi|         gmem0|       pointer|
|m_axi_gmem0_ARREGION     |  out|    4|       m_axi|         gmem0|       pointer|
|m_axi_gmem0_ARUSER       |  out|    1|       m_axi|         gmem0|       pointer|
|m_axi_gmem0_RVALID       |   in|    1|       m_axi|         gmem0|       pointer|
|m_axi_gmem0_RREADY       |  out|    1|       m_axi|         gmem0|       pointer|
|m_axi_gmem0_RDATA        |   in|  512|       m_axi|         gmem0|       pointer|
|m_axi_gmem0_RLAST        |   in|    1|       m_axi|         gmem0|       pointer|
|m_axi_gmem0_RID          |   in|    1|       m_axi|         gmem0|       pointer|
|m_axi_gmem0_RUSER        |   in|    1|       m_axi|         gmem0|       pointer|
|m_axi_gmem0_RRESP        |   in|    2|       m_axi|         gmem0|       pointer|
|m_axi_gmem0_BVALID       |   in|    1|       m_axi|         gmem0|       pointer|
|m_axi_gmem0_BREADY       |  out|    1|       m_axi|         gmem0|       pointer|
|m_axi_gmem0_BRESP        |   in|    2|       m_axi|         gmem0|       pointer|
|m_axi_gmem0_BID          |   in|    1|       m_axi|         gmem0|       pointer|
|m_axi_gmem0_BUSER        |   in|    1|       m_axi|         gmem0|       pointer|
|m_axi_gmem1_AWVALID      |  out|    1|       m_axi|         gmem1|       pointer|
|m_axi_gmem1_AWREADY      |   in|    1|       m_axi|         gmem1|       pointer|
|m_axi_gmem1_AWADDR       |  out|   64|       m_axi|         gmem1|       pointer|
|m_axi_gmem1_AWID         |  out|    1|       m_axi|         gmem1|       pointer|
|m_axi_gmem1_AWLEN        |  out|    8|       m_axi|         gmem1|       pointer|
|m_axi_gmem1_AWSIZE       |  out|    3|       m_axi|         gmem1|       pointer|
|m_axi_gmem1_AWBURST      |  out|    2|       m_axi|         gmem1|       pointer|
|m_axi_gmem1_AWLOCK       |  out|    2|       m_axi|         gmem1|       pointer|
|m_axi_gmem1_AWCACHE      |  out|    4|       m_axi|         gmem1|       pointer|
|m_axi_gmem1_AWPROT       |  out|    3|       m_axi|         gmem1|       pointer|
|m_axi_gmem1_AWQOS        |  out|    4|       m_axi|         gmem1|       pointer|
|m_axi_gmem1_AWREGION     |  out|    4|       m_axi|         gmem1|       pointer|
|m_axi_gmem1_AWUSER       |  out|    1|       m_axi|         gmem1|       pointer|
|m_axi_gmem1_WVALID       |  out|    1|       m_axi|         gmem1|       pointer|
|m_axi_gmem1_WREADY       |   in|    1|       m_axi|         gmem1|       pointer|
|m_axi_gmem1_WDATA        |  out|   32|       m_axi|         gmem1|       pointer|
|m_axi_gmem1_WSTRB        |  out|    4|       m_axi|         gmem1|       pointer|
|m_axi_gmem1_WLAST        |  out|    1|       m_axi|         gmem1|       pointer|
|m_axi_gmem1_WID          |  out|    1|       m_axi|         gmem1|       pointer|
|m_axi_gmem1_WUSER        |  out|    1|       m_axi|         gmem1|       pointer|
|m_axi_gmem1_ARVALID      |  out|    1|       m_axi|         gmem1|       pointer|
|m_axi_gmem1_ARREADY      |   in|    1|       m_axi|         gmem1|       pointer|
|m_axi_gmem1_ARADDR       |  out|   64|       m_axi|         gmem1|       pointer|
|m_axi_gmem1_ARID         |  out|    1|       m_axi|         gmem1|       pointer|
|m_axi_gmem1_ARLEN        |  out|    8|       m_axi|         gmem1|       pointer|
|m_axi_gmem1_ARSIZE       |  out|    3|       m_axi|         gmem1|       pointer|
|m_axi_gmem1_ARBURST      |  out|    2|       m_axi|         gmem1|       pointer|
|m_axi_gmem1_ARLOCK       |  out|    2|       m_axi|         gmem1|       pointer|
|m_axi_gmem1_ARCACHE      |  out|    4|       m_axi|         gmem1|       pointer|
|m_axi_gmem1_ARPROT       |  out|    3|       m_axi|         gmem1|       pointer|
|m_axi_gmem1_ARQOS        |  out|    4|       m_axi|         gmem1|       pointer|
|m_axi_gmem1_ARREGION     |  out|    4|       m_axi|         gmem1|       pointer|
|m_axi_gmem1_ARUSER       |  out|    1|       m_axi|         gmem1|       pointer|
|m_axi_gmem1_RVALID       |   in|    1|       m_axi|         gmem1|       pointer|
|m_axi_gmem1_RREADY       |  out|    1|       m_axi|         gmem1|       pointer|
|m_axi_gmem1_RDATA        |   in|   32|       m_axi|         gmem1|       pointer|
|m_axi_gmem1_RLAST        |   in|    1|       m_axi|         gmem1|       pointer|
|m_axi_gmem1_RID          |   in|    1|       m_axi|         gmem1|       pointer|
|m_axi_gmem1_RUSER        |   in|    1|       m_axi|         gmem1|       pointer|
|m_axi_gmem1_RRESP        |   in|    2|       m_axi|         gmem1|       pointer|
|m_axi_gmem1_BVALID       |   in|    1|       m_axi|         gmem1|       pointer|
|m_axi_gmem1_BREADY       |  out|    1|       m_axi|         gmem1|       pointer|
|m_axi_gmem1_BRESP        |   in|    2|       m_axi|         gmem1|       pointer|
|m_axi_gmem1_BID          |   in|    1|       m_axi|         gmem1|       pointer|
|m_axi_gmem1_BUSER        |   in|    1|       m_axi|         gmem1|       pointer|
|m_axi_gmem2_AWVALID      |  out|    1|       m_axi|         gmem2|       pointer|
|m_axi_gmem2_AWREADY      |   in|    1|       m_axi|         gmem2|       pointer|
|m_axi_gmem2_AWADDR       |  out|   64|       m_axi|         gmem2|       pointer|
|m_axi_gmem2_AWID         |  out|    1|       m_axi|         gmem2|       pointer|
|m_axi_gmem2_AWLEN        |  out|    8|       m_axi|         gmem2|       pointer|
|m_axi_gmem2_AWSIZE       |  out|    3|       m_axi|         gmem2|       pointer|
|m_axi_gmem2_AWBURST      |  out|    2|       m_axi|         gmem2|       pointer|
|m_axi_gmem2_AWLOCK       |  out|    2|       m_axi|         gmem2|       pointer|
|m_axi_gmem2_AWCACHE      |  out|    4|       m_axi|         gmem2|       pointer|
|m_axi_gmem2_AWPROT       |  out|    3|       m_axi|         gmem2|       pointer|
|m_axi_gmem2_AWQOS        |  out|    4|       m_axi|         gmem2|       pointer|
|m_axi_gmem2_AWREGION     |  out|    4|       m_axi|         gmem2|       pointer|
|m_axi_gmem2_AWUSER       |  out|    1|       m_axi|         gmem2|       pointer|
|m_axi_gmem2_WVALID       |  out|    1|       m_axi|         gmem2|       pointer|
|m_axi_gmem2_WREADY       |   in|    1|       m_axi|         gmem2|       pointer|
|m_axi_gmem2_WDATA        |  out|  512|       m_axi|         gmem2|       pointer|
|m_axi_gmem2_WSTRB        |  out|   64|       m_axi|         gmem2|       pointer|
|m_axi_gmem2_WLAST        |  out|    1|       m_axi|         gmem2|       pointer|
|m_axi_gmem2_WID          |  out|    1|       m_axi|         gmem2|       pointer|
|m_axi_gmem2_WUSER        |  out|    1|       m_axi|         gmem2|       pointer|
|m_axi_gmem2_ARVALID      |  out|    1|       m_axi|         gmem2|       pointer|
|m_axi_gmem2_ARREADY      |   in|    1|       m_axi|         gmem2|       pointer|
|m_axi_gmem2_ARADDR       |  out|   64|       m_axi|         gmem2|       pointer|
|m_axi_gmem2_ARID         |  out|    1|       m_axi|         gmem2|       pointer|
|m_axi_gmem2_ARLEN        |  out|    8|       m_axi|         gmem2|       pointer|
|m_axi_gmem2_ARSIZE       |  out|    3|       m_axi|         gmem2|       pointer|
|m_axi_gmem2_ARBURST      |  out|    2|       m_axi|         gmem2|       pointer|
|m_axi_gmem2_ARLOCK       |  out|    2|       m_axi|         gmem2|       pointer|
|m_axi_gmem2_ARCACHE      |  out|    4|       m_axi|         gmem2|       pointer|
|m_axi_gmem2_ARPROT       |  out|    3|       m_axi|         gmem2|       pointer|
|m_axi_gmem2_ARQOS        |  out|    4|       m_axi|         gmem2|       pointer|
|m_axi_gmem2_ARREGION     |  out|    4|       m_axi|         gmem2|       pointer|
|m_axi_gmem2_ARUSER       |  out|    1|       m_axi|         gmem2|       pointer|
|m_axi_gmem2_RVALID       |   in|    1|       m_axi|         gmem2|       pointer|
|m_axi_gmem2_RREADY       |  out|    1|       m_axi|         gmem2|       pointer|
|m_axi_gmem2_RDATA        |   in|  512|       m_axi|         gmem2|       pointer|
|m_axi_gmem2_RLAST        |   in|    1|       m_axi|         gmem2|       pointer|
|m_axi_gmem2_RID          |   in|    1|       m_axi|         gmem2|       pointer|
|m_axi_gmem2_RUSER        |   in|    1|       m_axi|         gmem2|       pointer|
|m_axi_gmem2_RRESP        |   in|    2|       m_axi|         gmem2|       pointer|
|m_axi_gmem2_BVALID       |   in|    1|       m_axi|         gmem2|       pointer|
|m_axi_gmem2_BREADY       |  out|    1|       m_axi|         gmem2|       pointer|
|m_axi_gmem2_BRESP        |   in|    2|       m_axi|         gmem2|       pointer|
|m_axi_gmem2_BID          |   in|    1|       m_axi|         gmem2|       pointer|
|m_axi_gmem2_BUSER        |   in|    1|       m_axi|         gmem2|       pointer|
|m_axi_gmem3_AWVALID      |  out|    1|       m_axi|         gmem3|       pointer|
|m_axi_gmem3_AWREADY      |   in|    1|       m_axi|         gmem3|       pointer|
|m_axi_gmem3_AWADDR       |  out|   64|       m_axi|         gmem3|       pointer|
|m_axi_gmem3_AWID         |  out|    1|       m_axi|         gmem3|       pointer|
|m_axi_gmem3_AWLEN        |  out|    8|       m_axi|         gmem3|       pointer|
|m_axi_gmem3_AWSIZE       |  out|    3|       m_axi|         gmem3|       pointer|
|m_axi_gmem3_AWBURST      |  out|    2|       m_axi|         gmem3|       pointer|
|m_axi_gmem3_AWLOCK       |  out|    2|       m_axi|         gmem3|       pointer|
|m_axi_gmem3_AWCACHE      |  out|    4|       m_axi|         gmem3|       pointer|
|m_axi_gmem3_AWPROT       |  out|    3|       m_axi|         gmem3|       pointer|
|m_axi_gmem3_AWQOS        |  out|    4|       m_axi|         gmem3|       pointer|
|m_axi_gmem3_AWREGION     |  out|    4|       m_axi|         gmem3|       pointer|
|m_axi_gmem3_AWUSER       |  out|    1|       m_axi|         gmem3|       pointer|
|m_axi_gmem3_WVALID       |  out|    1|       m_axi|         gmem3|       pointer|
|m_axi_gmem3_WREADY       |   in|    1|       m_axi|         gmem3|       pointer|
|m_axi_gmem3_WDATA        |  out|   32|       m_axi|         gmem3|       pointer|
|m_axi_gmem3_WSTRB        |  out|    4|       m_axi|         gmem3|       pointer|
|m_axi_gmem3_WLAST        |  out|    1|       m_axi|         gmem3|       pointer|
|m_axi_gmem3_WID          |  out|    1|       m_axi|         gmem3|       pointer|
|m_axi_gmem3_WUSER        |  out|    1|       m_axi|         gmem3|       pointer|
|m_axi_gmem3_ARVALID      |  out|    1|       m_axi|         gmem3|       pointer|
|m_axi_gmem3_ARREADY      |   in|    1|       m_axi|         gmem3|       pointer|
|m_axi_gmem3_ARADDR       |  out|   64|       m_axi|         gmem3|       pointer|
|m_axi_gmem3_ARID         |  out|    1|       m_axi|         gmem3|       pointer|
|m_axi_gmem3_ARLEN        |  out|    8|       m_axi|         gmem3|       pointer|
|m_axi_gmem3_ARSIZE       |  out|    3|       m_axi|         gmem3|       pointer|
|m_axi_gmem3_ARBURST      |  out|    2|       m_axi|         gmem3|       pointer|
|m_axi_gmem3_ARLOCK       |  out|    2|       m_axi|         gmem3|       pointer|
|m_axi_gmem3_ARCACHE      |  out|    4|       m_axi|         gmem3|       pointer|
|m_axi_gmem3_ARPROT       |  out|    3|       m_axi|         gmem3|       pointer|
|m_axi_gmem3_ARQOS        |  out|    4|       m_axi|         gmem3|       pointer|
|m_axi_gmem3_ARREGION     |  out|    4|       m_axi|         gmem3|       pointer|
|m_axi_gmem3_ARUSER       |  out|    1|       m_axi|         gmem3|       pointer|
|m_axi_gmem3_RVALID       |   in|    1|       m_axi|         gmem3|       pointer|
|m_axi_gmem3_RREADY       |  out|    1|       m_axi|         gmem3|       pointer|
|m_axi_gmem3_RDATA        |   in|   32|       m_axi|         gmem3|       pointer|
|m_axi_gmem3_RLAST        |   in|    1|       m_axi|         gmem3|       pointer|
|m_axi_gmem3_RID          |   in|    1|       m_axi|         gmem3|       pointer|
|m_axi_gmem3_RUSER        |   in|    1|       m_axi|         gmem3|       pointer|
|m_axi_gmem3_RRESP        |   in|    2|       m_axi|         gmem3|       pointer|
|m_axi_gmem3_BVALID       |   in|    1|       m_axi|         gmem3|       pointer|
|m_axi_gmem3_BREADY       |  out|    1|       m_axi|         gmem3|       pointer|
|m_axi_gmem3_BRESP        |   in|    2|       m_axi|         gmem3|       pointer|
|m_axi_gmem3_BID          |   in|    1|       m_axi|         gmem3|       pointer|
|m_axi_gmem3_BUSER        |   in|    1|       m_axi|         gmem3|       pointer|
+-------------------------+-----+-----+------------+--------------+--------------+

