Copyright 1986-2022 Xilinx, Inc. All Rights Reserved. Copyright 2022-2024 Advanced Micro Devices, Inc. All Rights Reserved.
---------------------------------------------------------------------------------------------------------------------------------------------
| Tool Version : Vivado v.2024.2 (lin64) Build 5239630 Fri Nov 08 22:34:34 MST 2024
| Date         : Wed May 27 21:56:45 2026
| Host         : eslsrv2 running 64-bit Rocky Linux 9.5 (Blue Onyx)
| Command      : report_utilization -file design_1_wrapper_utilization_placed.rpt -pb design_1_wrapper_utilization_placed.pb
| Design       : design_1_wrapper
| Device       : xczu7ev-ffvc1156-2-e
| Speed File   : -2
| Design State : Fully Placed
---------------------------------------------------------------------------------------------------------------------------------------------

Utilization Design Information

Table of Contents
-----------------
1. CLB Logic
1.1 Summary of Registers by Type
2. CLB Logic Distribution
3. BLOCKRAM
4. ARITHMETIC
5. I/O
6. CLOCK
7. ADVANCED
8. CONFIGURATION
9. Primitives
10. Black Boxes
11. Instantiated Netlists

1. CLB Logic
------------

+----------------------------+-------+-------+------------+-----------+-------+
|          Site Type         |  Used | Fixed | Prohibited | Available | Util% |
+----------------------------+-------+-------+------------+-----------+-------+
| CLB LUTs                   | 92422 |     0 |          0 |    230400 | 40.11 |
|   LUT as Logic             | 83305 |     0 |          0 |    230400 | 36.16 |
|   LUT as Memory            |  9117 |     0 |          0 |    101760 |  8.96 |
|     LUT as Distributed RAM |  1282 |     0 |            |           |       |
|     LUT as Shift Register  |  7835 |     0 |            |           |       |
| CLB Registers              | 93215 |     0 |          0 |    460800 | 20.23 |
|   Register as Flip Flop    | 93215 |     0 |          0 |    460800 | 20.23 |
|   Register as Latch        |     0 |     0 |          0 |    460800 |  0.00 |
| CARRY8                     |  2958 |     0 |          0 |     28800 | 10.27 |
| F7 Muxes                   |  3728 |     0 |          0 |    115200 |  3.24 |
| F8 Muxes                   |  1088 |     0 |          0 |     57600 |  1.89 |
| F9 Muxes                   |     0 |     0 |          0 |     28800 |  0.00 |
+----------------------------+-------+-------+------------+-----------+-------+
* Warning! LUT value is adjusted to account for LUT combining.


1.1 Summary of Registers by Type
--------------------------------

+-------+--------------+-------------+--------------+
| Total | Clock Enable | Synchronous | Asynchronous |
+-------+--------------+-------------+--------------+
| 0     |            _ |           - |            - |
| 0     |            _ |           - |          Set |
| 0     |            _ |           - |        Reset |
| 0     |            _ |         Set |            - |
| 0     |            _ |       Reset |            - |
| 0     |          Yes |           - |            - |
| 0     |          Yes |           - |          Set |
| 156   |          Yes |           - |        Reset |
| 395   |          Yes |         Set |            - |
| 92664 |          Yes |       Reset |            - |
+-------+--------------+-------------+--------------+


2. CLB Logic Distribution
-------------------------

+--------------------------------------------+-------+-------+------------+-----------+-------+
|                  Site Type                 |  Used | Fixed | Prohibited | Available | Util% |
+--------------------------------------------+-------+-------+------------+-----------+-------+
| CLB                                        | 17527 |     0 |          0 |     28800 | 60.86 |
|   CLBL                                     |  9343 |     0 |            |           |       |
|   CLBM                                     |  8184 |     0 |            |           |       |
| LUT as Logic                               | 83305 |     0 |          0 |    230400 | 36.16 |
|   using O5 output only                     |   626 |       |            |           |       |
|   using O6 output only                     | 63774 |       |            |           |       |
|   using O5 and O6                          | 18905 |       |            |           |       |
| LUT as Memory                              |  9117 |     0 |          0 |    101760 |  8.96 |
|   LUT as Distributed RAM                   |  1282 |     0 |            |           |       |
|     using O5 output only                   |     0 |       |            |           |       |
|     using O6 output only                   |    82 |       |            |           |       |
|     using O5 and O6                        |  1200 |       |            |           |       |
|   LUT as Shift Register                    |  7835 |     0 |            |           |       |
|     using O5 output only                   |     0 |       |            |           |       |
|     using O6 output only                   |  5470 |       |            |           |       |
|     using O5 and O6                        |  2365 |       |            |           |       |
| CLB Registers                              | 93215 |     0 |          0 |    460800 | 20.23 |
|   Register driven from within the CLB      | 42275 |       |            |           |       |
|   Register driven from outside the CLB     | 50940 |       |            |           |       |
|     LUT in front of the register is unused | 24601 |       |            |           |       |
|     LUT in front of the register is used   | 26339 |       |            |           |       |
| Unique Control Sets                        |  2043 |       |          0 |     57600 |  3.55 |
+--------------------------------------------+-------+-------+------------+-----------+-------+
* * Note: Available Control Sets calculated as Slices * 2, Review the Control Sets Report for more information regarding control sets.


3. BLOCKRAM
-----------

+-------------------+-------+-------+------------+-----------+-------+
|     Site Type     |  Used | Fixed | Prohibited | Available | Util% |
+-------------------+-------+-------+------------+-----------+-------+
| Block RAM Tile    | 142.5 |     0 |          0 |       312 | 45.67 |
|   RAMB36/FIFO*    |    49 |     0 |          0 |       312 | 15.71 |
|     RAMB36E2 only |    49 |       |            |           |       |
|   RAMB18          |   187 |     0 |          0 |       624 | 29.97 |
|     RAMB18E2 only |   187 |       |            |           |       |
| URAM              |    72 |     0 |          0 |        96 | 75.00 |
+-------------------+-------+-------+------------+-----------+-------+
* Note: Each Block RAM Tile only has one FIFO logic available and therefore can accommodate only one FIFO36E2 or one FIFO18E2. However, if a FIFO18E2 occupies a Block RAM Tile, that tile can still accommodate a RAMB18E2


4. ARITHMETIC
-------------

+----------------+------+-------+------------+-----------+-------+
|    Site Type   | Used | Fixed | Prohibited | Available | Util% |
+----------------+------+-------+------------+-----------+-------+
| DSPs           |  182 |     0 |          0 |      1728 | 10.53 |
|   DSP48E2 only |  182 |       |            |           |       |
+----------------+------+-------+------------+-----------+-------+


5. I/O
------

+------------------+------+-------+------------+-----------+-------+
|     Site Type    | Used | Fixed | Prohibited | Available | Util% |
+------------------+------+-------+------------+-----------+-------+
| Bonded IOB       |    0 |     0 |          0 |       360 |  0.00 |
| HPIOB_M          |    0 |     0 |          0 |       144 |  0.00 |
| HPIOB_S          |    0 |     0 |          0 |       144 |  0.00 |
| HDIOB_M          |    0 |     0 |          0 |        24 |  0.00 |
| HDIOB_S          |    0 |     0 |          0 |        24 |  0.00 |
| HPIOB_SNGL       |    0 |     0 |          0 |        24 |  0.00 |
| HPIOBDIFFINBUF   |    0 |     0 |          0 |       192 |  0.00 |
| HPIOBDIFFOUTBUF  |    0 |     0 |          0 |       192 |  0.00 |
| HDIOBDIFFINBUF   |    0 |     0 |          0 |        48 |  0.00 |
| BITSLICE_CONTROL |    0 |     0 |          0 |        64 |  0.00 |
| BITSLICE_RX_TX   |    0 |     0 |          0 |      2496 |  0.00 |
| BITSLICE_TX      |    0 |     0 |          0 |        64 |  0.00 |
| RIU_OR           |    0 |     0 |          0 |        32 |  0.00 |
+------------------+------+-------+------------+-----------+-------+


6. CLOCK
--------

+------------+------+-------+------------+-----------+-------+
|  Site Type | Used | Fixed | Prohibited | Available | Util% |
+------------+------+-------+------------+-----------+-------+
| BUFGCE     |    4 |     0 |          0 |       208 |  1.92 |
| BUFGCE_DIV |    0 |     0 |          0 |        32 |  0.00 |
| BUFG_GT    |    0 |     0 |          0 |       144 |  0.00 |
| BUFG_PS    |    1 |     0 |          0 |        96 |  1.04 |
| BUFGCTRL*  |    0 |     0 |          0 |        64 |  0.00 |
| PLL        |    0 |     0 |          0 |        16 |  0.00 |
| MMCM       |    0 |     0 |          0 |         8 |  0.00 |
+------------+------+-------+------------+-----------+-------+
* Note: Each used BUFGCTRL counts as two GLOBAL CLOCK BUFFERs. This table does not include global clocking resources, only buffer cell usage. See the Clock Utilization Report (report_clock_utilization) for detailed accounting of global clocking resource availability.


7. ADVANCED
-----------

+-----------------+------+-------+------------+-----------+--------+
|    Site Type    | Used | Fixed | Prohibited | Available |  Util% |
+-----------------+------+-------+------------+-----------+--------+
| GTHE4_CHANNEL   |    0 |     0 |          0 |        20 |   0.00 |
| GTHE4_COMMON    |    0 |     0 |          0 |         5 |   0.00 |
| OBUFDS_GTE4     |    0 |     0 |          0 |        10 |   0.00 |
| OBUFDS_GTE4_ADV |    0 |     0 |          0 |        10 |   0.00 |
| PCIE40E4        |    0 |     0 |          0 |         2 |   0.00 |
| PS8             |    1 |     0 |          0 |         1 | 100.00 |
| SYSMONE4        |    0 |     0 |          0 |         1 |   0.00 |
| VCU             |    0 |     0 |          0 |         1 |   0.00 |
+-----------------+------+-------+------------+-----------+--------+


8. CONFIGURATION
----------------

+-------------+------+-------+------------+-----------+-------+
|  Site Type  | Used | Fixed | Prohibited | Available | Util% |
+-------------+------+-------+------------+-----------+-------+
| BSCANE2     |    0 |     0 |          0 |         4 |  0.00 |
| DNA_PORTE2  |    0 |     0 |          0 |         1 |  0.00 |
| EFUSE_USR   |    0 |     0 |          0 |         1 |  0.00 |
| FRAME_ECCE4 |    0 |     0 |          0 |         1 |  0.00 |
| ICAPE3      |    0 |     0 |          0 |         2 |  0.00 |
| MASTER_JTAG |    0 |     0 |          0 |         1 |  0.00 |
| STARTUPE3   |    0 |     0 |          0 |         1 |  0.00 |
+-------------+------+-------+------------+-----------+-------+


9. Primitives
-------------

+----------+-------+---------------------+
| Ref Name |  Used | Functional Category |
+----------+-------+---------------------+
| FDRE     | 92664 |            Register |
| LUT6     | 35612 |                 CLB |
| LUT3     | 19098 |                 CLB |
| LUT4     | 16982 |                 CLB |
| LUT5     | 14627 |                 CLB |
| LUT2     | 13781 |                 CLB |
| SRL16E   |  6492 |                 CLB |
| MUXF7    |  3728 |                 CLB |
| SRLC32E  |  3708 |                 CLB |
| CARRY8   |  2958 |                 CLB |
| LUT1     |  2110 |                 CLB |
| RAMD32   |  2108 |                 CLB |
| MUXF8    |  1088 |                 CLB |
| FDSE     |   395 |            Register |
| RAMS32   |   300 |                 CLB |
| RAMB18E2 |   187 |            BLOCKRAM |
| DSP48E2  |   182 |          Arithmetic |
| FDCE     |   156 |            Register |
| RAMD64E  |    74 |                 CLB |
| URAM288  |    72 |            BLOCKRAM |
| RAMB36E2 |    49 |            BLOCKRAM |
| BUFGCE   |     4 |               Clock |
| PS8      |     1 |            Advanced |
| BUFG_PS  |     1 |               Clock |
+----------+-------+---------------------+


10. Black Boxes
---------------

+----------+------+
| Ref Name | Used |
+----------+------+


11. Instantiated Netlists
-------------------------

+------------------------------+------+
|           Ref Name           | Used |
+------------------------------+------+
| design_1_zynq_ultra_ps_e_0_0 |    1 |
| design_1_rst_ps8_0_187M_0    |    1 |
| design_1_axi_smc_4_0         |    1 |
| design_1_axi_smc_3_0         |    1 |
| design_1_axi_smc_2_0         |    1 |
| design_1_axi_smc_1_0         |    1 |
| design_1_axi_smc_0           |    1 |
| design_1_admm_0_0            |    1 |
+------------------------------+------+


